{"C:\\Users\\Administrator\\Desktop\\Fullstack\\Repo-Frontend\\innovatech-frontend-valdes-munoz\\src\\App.jsx": {"path":"C:\\Users\\Administrator\\Desktop\\Fullstack\\Repo-Frontend\\innovatech-frontend-valdes-munoz\\src\\App.jsx","statementMap":{"0":{"start":{"line":8,"column":2},"end":{"line":18,"column":null}}},"fnMap":{"0":{"name":"App","decl":{"start":{"line":7,"column":24},"end":{"line":7,"column":30}},"loc":{"start":{"line":7,"column":30},"end":{"line":18,"column":null}},"line":7}},"branchMap":{},"s":{"0":0},"f":{"0":0},"b":{},"meta":{"lastBranch":0,"lastFunction":1,"lastStatement":1,"seen":{"f:7:24:7:30":0,"s:8:2:18:Infinity":0},"fnNames":{}}}
,"C:\\Users\\Administrator\\Desktop\\Fullstack\\Repo-Frontend\\innovatech-frontend-valdes-munoz\\src\\components\\PrivateRoute.jsx": {"path":"C:\\Users\\Administrator\\Desktop\\Fullstack\\Repo-Frontend\\innovatech-frontend-valdes-munoz\\src\\components\\PrivateRoute.jsx","statementMap":{"0":{"start":{"line":6,"column":27},"end":{"line":6,"column":50}},"1":{"start":{"line":7,"column":2},"end":{"line":7,"column":null}},"2":{"start":{"line":7,"column":17},"end":{"line":7,"column":null}},"3":{"start":{"line":8,"column":2},"end":{"line":8,"column":null}}},"fnMap":{"0":{"name":"PrivateRoute","decl":{"start":{"line":5,"column":24},"end":{"line":5,"column":37}},"loc":{"start":{"line":5,"column":51},"end":{"line":8,"column":null}},"line":5}},"branchMap":{"0":{"loc":{"start":{"line":7,"column":2},"end":{"line":7,"column":null}},"type":"if","locations":[{"start":{"line":7,"column":2},"end":{"line":7,"column":null}},{"start":{},"end":{}}],"line":7},"1":{"loc":{"start":{"line":8,"column":9},"end":{"line":8,"column":null}},"type":"cond-expr","locations":[{"start":{"line":8,"column":27},"end":{"line":8,"column":38}},{"start":{"line":8,"column":38},"end":{"line":8,"column":null}}],"line":8}},"s":{"0":0,"1":0,"2":0,"3":0},"f":{"0":0},"b":{"0":[0,0],"1":[0,0]},"meta":{"lastBranch":2,"lastFunction":1,"lastStatement":4,"seen":{"f:5:24:5:37":0,"s:6:27:6:50":0,"b:7:2:7:Infinity:undefined:undefined:undefined:undefined":0,"s:7:2:7:Infinity":1,"s:7:17:7:Infinity":2,"s:8:2:8:Infinity":3,"b:8:27:8:38:8:38:8:Infinity":1},"fnNames":{}}}
,"C:\\Users\\Administrator\\Desktop\\Fullstack\\Repo-Frontend\\innovatech-frontend-valdes-munoz\\src\\context\\AuthContext.jsx": {"path":"C:\\Users\\Administrator\\Desktop\\Fullstack\\Repo-Frontend\\innovatech-frontend-valdes-munoz\\src\\context\\AuthContext.jsx","statementMap":{"0":{"start":{"line":7,"column":6},"end":{"line":7,"column":39}},"1":{"start":{"line":9,"column":21},"end":{"line":14,"column":null}},"2":{"start":{"line":17,"column":2},"end":{"line":26,"column":null}},"3":{"start":{"line":20,"column":6},"end":{"line":20,"column":null}},"4":{"start":{"line":22,"column":6},"end":{"line":22,"column":null}},"5":{"start":{"line":24,"column":6},"end":{"line":24,"column":null}},"6":{"start":{"line":26,"column":6},"end":{"line":26,"column":null}},"7":{"start":{"line":31,"column":16},"end":{"line":31,"column":65}},"8":{"start":{"line":33,"column":2},"end":{"line":45,"column":null}},"9":{"start":{"line":34,"column":18},"end":{"line":34,"column":58}},"10":{"start":{"line":35,"column":20},"end":{"line":35,"column":59}},"11":{"start":{"line":36,"column":4},"end":{"line":43,"column":null}},"12":{"start":{"line":37,"column":6},"end":{"line":40,"column":null}},"13":{"start":{"line":38,"column":8},"end":{"line":38,"column":null}},"14":{"start":{"line":40,"column":8},"end":{"line":40,"column":null}},"15":{"start":{"line":43,"column":6},"end":{"line":43,"column":null}},"16":{"start":{"line":47,"column":8},"end":{"line":50,"column":null}},"17":{"start":{"line":48,"column":4},"end":{"line":48,"column":null}},"18":{"start":{"line":49,"column":4},"end":{"line":49,"column":null}},"19":{"start":{"line":50,"column":4},"end":{"line":50,"column":null}},"20":{"start":{"line":53,"column":8},"end":{"line":56,"column":null}},"21":{"start":{"line":54,"column":4},"end":{"line":54,"column":null}},"22":{"start":{"line":55,"column":4},"end":{"line":55,"column":null}},"23":{"start":{"line":56,"column":4},"end":{"line":56,"column":null}},"24":{"start":{"line":59,"column":2},"end":{"line":62,"column":null}},"25":{"start":{"line":67,"column":8},"end":{"line":67,"column":37}},"26":{"start":{"line":68,"column":2},"end":{"line":68,"column":null}},"27":{"start":{"line":68,"column":12},"end":{"line":68,"column":null}},"28":{"start":{"line":69,"column":2},"end":{"line":69,"column":null}}},"fnMap":{"0":{"name":"authReducer","decl":{"start":{"line":16,"column":9},"end":{"line":16,"column":21}},"loc":{"start":{"line":16,"column":36},"end":{"line":26,"column":null}},"line":16},"1":{"name":"AuthProvider","decl":{"start":{"line":30,"column":16},"end":{"line":30,"column":29}},"loc":{"start":{"line":30,"column":43},"end":{"line":62,"column":null}},"line":30},"2":{"name":"(anonymous_2)","decl":{"start":{"line":33,"column":2},"end":{"line":33,"column":18}},"loc":{"start":{"line":33,"column":18},"end":{"line":45,"column":7}},"line":33},"3":{"name":"(anonymous_3)","decl":{"start":{"line":47,"column":8},"end":{"line":47,"column":17}},"loc":{"start":{"line":47,"column":33},"end":{"line":50,"column":null}},"line":47},"4":{"name":"(anonymous_4)","decl":{"start":{"line":53,"column":8},"end":{"line":53,"column":23}},"loc":{"start":{"line":53,"column":23},"end":{"line":56,"column":null}},"line":53},"5":{"name":"useAuth","decl":{"start":{"line":66,"column":16},"end":{"line":66,"column":26}},"loc":{"start":{"line":66,"column":26},"end":{"line":69,"column":null}},"line":66}},"branchMap":{"0":{"loc":{"start":{"line":17,"column":2},"end":{"line":26,"column":null}},"type":"switch","locations":[{"start":{"line":18,"column":4},"end":{"line":18,"column":null}},{"start":{"line":19,"column":4},"end":{"line":20,"column":null}},{"start":{"line":21,"column":4},"end":{"line":22,"column":null}},{"start":{"line":23,"column":4},"end":{"line":24,"column":null}},{"start":{"line":25,"column":4},"end":{"line":26,"column":null}}],"line":17},"1":{"loc":{"start":{"line":36,"column":4},"end":{"line":43,"column":null}},"type":"if","locations":[{"start":{"line":36,"column":4},"end":{"line":43,"column":null}},{"start":{"line":42,"column":11},"end":{"line":43,"column":null}}],"line":36},"2":{"loc":{"start":{"line":36,"column":8},"end":{"line":36,"column":26}},"type":"binary-expr","locations":[{"start":{"line":36,"column":8},"end":{"line":36,"column":17}},{"start":{"line":36,"column":17},"end":{"line":36,"column":26}}],"line":36},"3":{"loc":{"start":{"line":68,"column":2},"end":{"line":68,"column":null}},"type":"if","locations":[{"start":{"line":68,"column":2},"end":{"line":68,"column":null}},{"start":{},"end":{}}],"line":68}},"s":{"0":0,"1":0,"2":0,"3":0,"4":0,"5":0,"6":0,"7":0,"8":0,"9":0,"10":0,"11":0,"12":0,"13":0,"14":0,"15":0,"16":0,"17":0,"18":0,"19":0,"20":0,"21":0,"22":0,"23":0,"24":0,"25":0,"26":0,"27":0,"28":0},"f":{"0":0,"1":0,"2":0,"3":0,"4":0,"5":0},"b":{"0":[0,0,0,0,0],"1":[0,0],"2":[0,0],"3":[0,0]},"meta":{"lastBranch":4,"lastFunction":6,"lastStatement":29,"seen":{"s:7:6:7:39":0,"s:9:21:14:Infinity":1,"f:16:9:16:21":0,"b:18:4:18:Infinity:19:4:20:Infinity:21:4:22:Infinity:23:4:24:Infinity:25:4:26:Infinity":0,"s:17:2:26:Infinity":2,"s:20:6:20:Infinity":3,"s:22:6:22:Infinity":4,"s:24:6:24:Infinity":5,"s:26:6:26:Infinity":6,"f:30:16:30:29":1,"s:31:16:31:65":7,"s:33:2:45:Infinity":8,"f:33:2:33:18":2,"s:34:18:34:58":9,"s:35:20:35:59":10,"b:36:4:43:Infinity:42:11:43:Infinity":1,"s:36:4:43:Infinity":11,"b:36:8:36:17:36:17:36:26":2,"s:37:6:40:Infinity":12,"s:38:8:38:Infinity":13,"s:40:8:40:Infinity":14,"s:43:6:43:Infinity":15,"s:47:8:50:Infinity":16,"f:47:8:47:17":3,"s:48:4:48:Infinity":17,"s:49:4:49:Infinity":18,"s:50:4:50:Infinity":19,"s:53:8:56:Infinity":20,"f:53:8:53:23":4,"s:54:4:54:Infinity":21,"s:55:4:55:Infinity":22,"s:56:4:56:Infinity":23,"s:59:2:62:Infinity":24,"f:66:16:66:26":5,"s:67:8:67:37":25,"b:68:2:68:Infinity:undefined:undefined:undefined:undefined":3,"s:68:2:68:Infinity":26,"s:68:12:68:Infinity":27,"s:69:2:69:Infinity":28},"fnNames":{}}}
,"C:\\Users\\Administrator\\Desktop\\Fullstack\\Repo-Frontend\\innovatech-frontend-valdes-munoz\\src\\pages\\DashboardPage.jsx": {"path":"C:\\Users\\Administrator\\Desktop\\Fullstack\\Repo-Frontend\\innovatech-frontend-valdes-munoz\\src\\pages\\DashboardPage.jsx","statementMap":{"0":{"start":{"line":10,"column":18},"end":{"line":36,"column":null}},"1":{"start":{"line":39,"column":16},"end":{"line":39,"column":36}},"2":{"start":{"line":40,"column":8},"end":{"line":40,"column":41}},"3":{"start":{"line":41,"column":21},"end":{"line":41,"column":59}},"4":{"start":{"line":43,"column":2},"end":{"line":45,"column":null}},"5":{"start":{"line":44,"column":4},"end":{"line":44,"column":null}},"6":{"start":{"line":44,"column":15},"end":{"line":44,"column":null}},"7":{"start":{"line":47,"column":2},"end":{"line":47,"column":null}},"8":{"start":{"line":47,"column":13},"end":{"line":47,"column":null}},"9":{"start":{"line":49,"column":22},"end":{"line":49,"column":null}},"10":{"start":{"line":50,"column":22},"end":{"line":50,"column":null}},"11":{"start":{"line":51,"column":22},"end":{"line":51,"column":null}},"12":{"start":{"line":52,"column":22},"end":{"line":52,"column":69}},"13":{"start":{"line":52,"column":45},"end":{"line":52,"column":68}},"14":{"start":{"line":53,"column":22},"end":{"line":53,"column":null}},"15":{"start":{"line":53,"column":46},"end":{"line":53,"column":67}},"16":{"start":{"line":55,"column":8},"end":{"line":55,"column":null}},"17":{"start":{"line":55,"column":31},"end":{"line":55,"column":41}},"18":{"start":{"line":55,"column":41},"end":{"line":55,"column":null}},"19":{"start":{"line":57,"column":8},"end":{"line":72,"column":null}},"20":{"start":{"line":57,"column":36},"end":{"line":72,"column":null}},"21":{"start":{"line":74,"column":8},"end":{"line":80,"column":null}},"22":{"start":{"line":75,"column":4},"end":{"line":80,"column":null}},"23":{"start":{"line":76,"column":29},"end":{"line":76,"column":null}},"24":{"start":{"line":77,"column":29},"end":{"line":77,"column":null}},"25":{"start":{"line":78,"column":29},"end":{"line":78,"column":null}},"26":{"start":{"line":79,"column":29},"end":{"line":79,"column":null}},"27":{"start":{"line":80,"column":29},"end":{"line":80,"column":null}},"28":{"start":{"line":84,"column":2},"end":{"line":210,"column":null}},"29":{"start":{"line":130,"column":14},"end":{"line":133,"column":null}},"30":{"start":{"line":130,"column":51},"end":{"line":130,"column":73}}},"fnMap":{"0":{"name":"DashboardPage","decl":{"start":{"line":38,"column":24},"end":{"line":38,"column":40}},"loc":{"start":{"line":38,"column":40},"end":{"line":210,"column":null}},"line":38},"1":{"name":"(anonymous_1)","decl":{"start":{"line":43,"column":2},"end":{"line":43,"column":18}},"loc":{"start":{"line":43,"column":18},"end":{"line":45,"column":6}},"line":43},"2":{"name":"(anonymous_2)","decl":{"start":{"line":52,"column":32},"end":{"line":52,"column":39}},"loc":{"start":{"line":52,"column":45},"end":{"line":52,"column":68}},"line":52},"3":{"name":"(anonymous_3)","decl":{"start":{"line":53,"column":35},"end":{"line":53,"column":40}},"loc":{"start":{"line":53,"column":46},"end":{"line":53,"column":67}},"line":53},"4":{"name":"(anonymous_4)","decl":{"start":{"line":55,"column":8},"end":{"line":55,"column":29}},"loc":{"start":{"line":55,"column":29},"end":{"line":55,"column":null}},"line":55},"5":{"name":"(anonymous_5)","decl":{"start":{"line":57,"column":8},"end":{"line":57,"column":28}},"loc":{"start":{"line":57,"column":36},"end":{"line":72,"column":null}},"line":57},"6":{"name":"(anonymous_6)","decl":{"start":{"line":74,"column":8},"end":{"line":74,"column":27}},"loc":{"start":{"line":74,"column":27},"end":{"line":80,"column":null}},"line":74},"7":{"name":"(anonymous_7)","decl":{"start":{"line":129,"column":26},"end":{"line":129,"column":30}},"loc":{"start":{"line":130,"column":14},"end":{"line":133,"column":null}},"line":130},"8":{"name":"(anonymous_8)","decl":{"start":{"line":130,"column":36},"end":{"line":130,"column":51}},"loc":{"start":{"line":130,"column":51},"end":{"line":130,"column":73}},"line":130}},"branchMap":{"0":{"loc":{"start":{"line":44,"column":4},"end":{"line":44,"column":null}},"type":"if","locations":[{"start":{"line":44,"column":4},"end":{"line":44,"column":null}},{"start":{},"end":{}}],"line":44},"1":{"loc":{"start":{"line":47,"column":2},"end":{"line":47,"column":null}},"type":"if","locations":[{"start":{"line":47,"column":2},"end":{"line":47,"column":null}},{"start":{},"end":{}}],"line":47},"2":{"loc":{"start":{"line":49,"column":22},"end":{"line":49,"column":null}},"type":"binary-expr","locations":[{"start":{"line":49,"column":22},"end":{"line":49,"column":35}},{"start":{"line":49,"column":35},"end":{"line":49,"column":null}}],"line":49},"3":{"loc":{"start":{"line":50,"column":22},"end":{"line":50,"column":null}},"type":"binary-expr","locations":[{"start":{"line":50,"column":22},"end":{"line":50,"column":81}},{"start":{"line":50,"column":81},"end":{"line":50,"column":null}}],"line":50},"4":{"loc":{"start":{"line":51,"column":22},"end":{"line":51,"column":null}},"type":"binary-expr","locations":[{"start":{"line":51,"column":22},"end":{"line":51,"column":97}},{"start":{"line":51,"column":97},"end":{"line":51,"column":null}}],"line":51},"5":{"loc":{"start":{"line":53,"column":22},"end":{"line":53,"column":null}},"type":"binary-expr","locations":[{"start":{"line":53,"column":22},"end":{"line":53,"column":67}},{"start":{"line":53,"column":71},"end":{"line":53,"column":null}}],"line":53},"6":{"loc":{"start":{"line":64,"column":8},"end":{"line":70,"column":null}},"type":"cond-expr","locations":[{"start":{"line":64,"column":32},"end":{"line":68,"column":8}},{"start":{"line":68,"column":8},"end":{"line":70,"column":null}}],"line":64},"7":{"loc":{"start":{"line":75,"column":4},"end":{"line":80,"column":null}},"type":"switch","locations":[{"start":{"line":76,"column":6},"end":{"line":76,"column":null}},{"start":{"line":77,"column":6},"end":{"line":77,"column":null}},{"start":{"line":78,"column":6},"end":{"line":78,"column":null}},{"start":{"line":79,"column":6},"end":{"line":79,"column":null}},{"start":{"line":80,"column":6},"end":{"line":80,"column":null}}],"line":75},"8":{"loc":{"start":{"line":146,"column":17},"end":{"line":146,"column":null}},"type":"binary-expr","locations":[{"start":{"line":146,"column":17},"end":{"line":146,"column":52}},{"start":{"line":146,"column":56},"end":{"line":146,"column":null}}],"line":146},"9":{"loc":{"start":{"line":199,"column":17},"end":{"line":199,"column":null}},"type":"binary-expr","locations":[{"start":{"line":199,"column":17},"end":{"line":199,"column":52}},{"start":{"line":199,"column":56},"end":{"line":199,"column":null}}],"line":199}},"s":{"0":0,"1":0,"2":0,"3":0,"4":0,"5":0,"6":0,"7":0,"8":0,"9":0,"10":0,"11":0,"12":0,"13":0,"14":0,"15":0,"16":0,"17":0,"18":0,"19":0,"20":0,"21":0,"22":0,"23":0,"24":0,"25":0,"26":0,"27":0,"28":0,"29":0,"30":0},"f":{"0":0,"1":0,"2":0,"3":0,"4":0,"5":0,"6":0,"7":0,"8":0},"b":{"0":[0,0],"1":[0,0],"2":[0,0],"3":[0,0],"4":[0,0],"5":[0,0],"6":[0,0],"7":[0,0,0,0,0],"8":[0,0],"9":[0,0]},"meta":{"lastBranch":10,"lastFunction":9,"lastStatement":31,"seen":{"s:10:18:36:Infinity":0,"f:38:24:38:40":0,"s:39:16:39:36":1,"s:40:8:40:41":2,"s:41:21:41:59":3,"s:43:2:45:Infinity":4,"f:43:2:43:18":1,"b:44:4:44:Infinity:undefined:undefined:undefined:undefined":0,"s:44:4:44:Infinity":5,"s:44:15:44:Infinity":6,"b:47:2:47:Infinity:undefined:undefined:undefined:undefined":1,"s:47:2:47:Infinity":7,"s:47:13:47:Infinity":8,"s:49:22:49:Infinity":9,"b:49:22:49:35:49:35:49:Infinity":2,"s:50:22:50:Infinity":10,"b:50:22:50:81:50:81:50:Infinity":3,"s:51:22:51:Infinity":11,"b:51:22:51:97:51:97:51:Infinity":4,"s:52:22:52:69":12,"f:52:32:52:39":2,"s:52:45:52:68":13,"s:53:22:53:Infinity":14,"b:53:22:53:67:53:71:53:Infinity":5,"f:53:35:53:40":3,"s:53:46:53:67":15,"s:55:8:55:Infinity":16,"f:55:8:55:29":4,"s:55:31:55:41":17,"s:55:41:55:Infinity":18,"s:57:8:72:Infinity":19,"f:57:8:57:28":5,"s:57:36:72:Infinity":20,"b:64:32:68:8:68:8:70:Infinity":6,"s:74:8:80:Infinity":21,"f:74:8:74:27":6,"b:76:6:76:Infinity:77:6:77:Infinity:78:6:78:Infinity:79:6:79:Infinity:80:6:80:Infinity":7,"s:75:4:80:Infinity":22,"s:76:29:76:Infinity":23,"s:77:29:77:Infinity":24,"s:78:29:78:Infinity":25,"s:79:29:79:Infinity":26,"s:80:29:80:Infinity":27,"s:84:2:210:Infinity":28,"f:129:26:129:30":7,"s:130:14:133:Infinity":29,"f:130:36:130:51":8,"s:130:51:130:73":30,"b:146:17:146:52:146:56:146:Infinity":8,"b:199:17:199:52:199:56:199:Infinity":9},"fnNames":{}}}
,"C:\\Users\\Administrator\\Desktop\\Fullstack\\Repo-Frontend\\innovatech-frontend-valdes-munoz\\src\\pages\\LoginPage.jsx": {"path":"C:\\Users\\Administrator\\Desktop\\Fullstack\\Repo-Frontend\\innovatech-frontend-valdes-munoz\\src\\pages\\LoginPage.jsx","statementMap":{"0":{"start":{"line":7,"column":6},"end":{"line":10,"column":null}},"1":{"start":{"line":8,"column":2},"end":{"line":10,"column":null}},"2":{"start":{"line":14,"column":6},"end":{"line":17,"column":null}},"3":{"start":{"line":15,"column":2},"end":{"line":17,"column":null}},"4":{"start":{"line":21,"column":10},"end":{"line":34,"column":null}},"5":{"start":{"line":37,"column":8},"end":{"line":37,"column":32}},"6":{"start":{"line":38,"column":17},"end":{"line":38,"column":40}},"7":{"start":{"line":39,"column":15},"end":{"line":39,"column":63}},"8":{"start":{"line":40,"column":16},"end":{"line":40,"column":42}},"9":{"start":{"line":41,"column":18},"end":{"line":41,"column":47}},"10":{"start":{"line":42,"column":18},"end":{"line":42,"column":47}},"11":{"start":{"line":43,"column":19},"end":{"line":43,"column":49}},"12":{"start":{"line":45,"column":2},"end":{"line":48,"column":null}},"13":{"start":{"line":46,"column":14},"end":{"line":46,"column":52}},"14":{"start":{"line":46,"column":31},"end":{"line":46,"column":47}},"15":{"start":{"line":47,"column":4},"end":{"line":47,"column":null}},"16":{"start":{"line":47,"column":17},"end":{"line":47,"column":32}},"17":{"start":{"line":50,"column":8},"end":{"line":52,"column":null}},"18":{"start":{"line":51,"column":4},"end":{"line":51,"column":null}},"19":{"start":{"line":51,"column":18},"end":{"line":51,"column":61}},"20":{"start":{"line":52,"column":4},"end":{"line":52,"column":null}},"21":{"start":{"line":55,"column":23},"end":{"line":66,"column":null}},"22":{"start":{"line":56,"column":4},"end":{"line":56,"column":null}},"23":{"start":{"line":57,"column":4},"end":{"line":57,"column":null}},"24":{"start":{"line":57,"column":41},"end":{"line":57,"column":81}},"25":{"start":{"line":57,"column":81},"end":{"line":57,"column":null}},"26":{"start":{"line":58,"column":4},"end":{"line":58,"column":null}},"27":{"start":{"line":59,"column":4},"end":{"line":66,"column":null}},"28":{"start":{"line":60,"column":18},"end":{"line":60,"column":35}},"29":{"start":{"line":61,"column":6},"end":{"line":61,"column":null}},"30":{"start":{"line":62,"column":6},"end":{"line":62,"column":null}},"31":{"start":{"line":64,"column":6},"end":{"line":64,"column":null}},"32":{"start":{"line":66,"column":6},"end":{"line":66,"column":null}},"33":{"start":{"line":70,"column":2},"end":{"line":270,"column":null}},"34":{"start":{"line":217,"column":36},"end":{"line":217,"column":53}},"35":{"start":{"line":218,"column":36},"end":{"line":218,"column":54}},"36":{"start":{"line":238,"column":36},"end":{"line":238,"column":null}},"37":{"start":{"line":239,"column":34},"end":{"line":239,"column":null}},"38":{"start":{"line":276,"column":18},"end":{"line":276,"column":47}},"39":{"start":{"line":277,"column":2},"end":{"line":310,"column":null}},"40":{"start":{"line":296,"column":23},"end":{"line":296,"column":39}},"41":{"start":{"line":297,"column":22},"end":{"line":297,"column":39}}},"fnMap":{"0":{"name":"(anonymous_0)","decl":{"start":{"line":7,"column":6},"end":{"line":7,"column":null}},"loc":{"start":{"line":8,"column":2},"end":{"line":10,"column":null}},"line":8},"1":{"name":"(anonymous_1)","decl":{"start":{"line":14,"column":6},"end":{"line":14,"column":null}},"loc":{"start":{"line":15,"column":2},"end":{"line":17,"column":null}},"line":15},"2":{"name":"LoginPage","decl":{"start":{"line":36,"column":24},"end":{"line":36,"column":36}},"loc":{"start":{"line":36,"column":36},"end":{"line":270,"column":null}},"line":36},"3":{"name":"(anonymous_3)","decl":{"start":{"line":45,"column":2},"end":{"line":45,"column":18}},"loc":{"start":{"line":45,"column":18},"end":{"line":48,"column":7}},"line":45},"4":{"name":"(anonymous_4)","decl":{"start":{"line":46,"column":14},"end":{"line":46,"column":31}},"loc":{"start":{"line":46,"column":31},"end":{"line":46,"column":47}},"line":46},"5":{"name":"(anonymous_5)","decl":{"start":{"line":47,"column":4},"end":{"line":47,"column":17}},"loc":{"start":{"line":47,"column":17},"end":{"line":47,"column":32}},"line":47},"6":{"name":"(anonymous_6)","decl":{"start":{"line":50,"column":8},"end":{"line":50,"column":24}},"loc":{"start":{"line":50,"column":30},"end":{"line":52,"column":null}},"line":50},"7":{"name":"(anonymous_7)","decl":{"start":{"line":51,"column":4},"end":{"line":51,"column":12}},"loc":{"start":{"line":51,"column":18},"end":{"line":51,"column":61}},"line":51},"8":{"name":"(anonymous_8)","decl":{"start":{"line":55,"column":23},"end":{"line":55,"column":30}},"loc":{"start":{"line":55,"column":36},"end":{"line":66,"column":null}},"line":55},"9":{"name":"(anonymous_9)","decl":{"start":{"line":217,"column":16},"end":{"line":217,"column":36}},"loc":{"start":{"line":217,"column":36},"end":{"line":217,"column":53}},"line":217},"10":{"name":"(anonymous_10)","decl":{"start":{"line":218,"column":16},"end":{"line":218,"column":36}},"loc":{"start":{"line":218,"column":36},"end":{"line":218,"column":54}},"line":218},"11":{"name":"(anonymous_11)","decl":{"start":{"line":238,"column":16},"end":{"line":238,"column":29}},"loc":{"start":{"line":238,"column":34},"end":{"line":238,"column":null}},"line":238},"12":{"name":"(anonymous_12)","decl":{"start":{"line":239,"column":16},"end":{"line":239,"column":27}},"loc":{"start":{"line":239,"column":32},"end":{"line":239,"column":null}},"line":239},"13":{"name":"FieldGroup","decl":{"start":{"line":275,"column":9},"end":{"line":275,"column":20}},"loc":{"start":{"line":275,"column":101},"end":{"line":310,"column":null}},"line":275},"14":{"name":"(anonymous_14)","decl":{"start":{"line":296,"column":8},"end":{"line":296,"column":23}},"loc":{"start":{"line":296,"column":23},"end":{"line":296,"column":39}},"line":296},"15":{"name":"(anonymous_15)","decl":{"start":{"line":297,"column":8},"end":{"line":297,"column":22}},"loc":{"start":{"line":297,"column":22},"end":{"line":297,"column":39}},"line":297}},"branchMap":{"0":{"loc":{"start":{"line":57,"column":4},"end":{"line":57,"column":null}},"type":"if","locations":[{"start":{"line":57,"column":4},"end":{"line":57,"column":null}},{"start":{},"end":{}}],"line":57},"1":{"loc":{"start":{"line":57,"column":8},"end":{"line":57,"column":39}},"type":"binary-expr","locations":[{"start":{"line":57,"column":8},"end":{"line":57,"column":23}},{"start":{"line":57,"column":23},"end":{"line":57,"column":39}}],"line":57},"2":{"loc":{"start":{"line":64,"column":15},"end":{"line":64,"column":109}},"type":"cond-expr","locations":[{"start":{"line":64,"column":36},"end":{"line":64,"column":73}},{"start":{"line":64,"column":73},"end":{"line":64,"column":109}}],"line":64},"3":{"loc":{"start":{"line":64,"column":73},"end":{"line":64,"column":109}},"type":"binary-expr","locations":[{"start":{"line":64,"column":73},"end":{"line":64,"column":88}},{"start":{"line":64,"column":88},"end":{"line":64,"column":109}}],"line":64},"4":{"loc":{"start":{"line":156,"column":21},"end":{"line":156,"column":null}},"type":"cond-expr","locations":[{"start":{"line":156,"column":31},"end":{"line":156,"column":35}},{"start":{"line":156,"column":35},"end":{"line":156,"column":null}}],"line":156},"5":{"loc":{"start":{"line":157,"column":23},"end":{"line":157,"column":null}},"type":"cond-expr","locations":[{"start":{"line":157,"column":33},"end":{"line":157,"column":51}},{"start":{"line":157,"column":51},"end":{"line":157,"column":null}}],"line":157},"6":{"loc":{"start":{"line":175,"column":13},"end":{"line":191,"column":null}},"type":"binary-expr","locations":[{"start":{"line":175,"column":13},"end":{"line":175,"column":null}},{"start":{"line":176,"column":14},"end":{"line":191,"column":null}}],"line":175},"7":{"loc":{"start":{"line":226,"column":30},"end":{"line":226,"column":null}},"type":"cond-expr","locations":[{"start":{"line":226,"column":40},"end":{"line":226,"column":50}},{"start":{"line":226,"column":50},"end":{"line":226,"column":null}}],"line":226},"8":{"loc":{"start":{"line":226,"column":50},"end":{"line":226,"column":null}},"type":"cond-expr","locations":[{"start":{"line":226,"column":61},"end":{"line":226,"column":74}},{"start":{"line":226,"column":74},"end":{"line":226,"column":null}}],"line":226},"9":{"loc":{"start":{"line":232,"column":26},"end":{"line":232,"column":null}},"type":"cond-expr","locations":[{"start":{"line":232,"column":36},"end":{"line":232,"column":52}},{"start":{"line":232,"column":52},"end":{"line":232,"column":null}}],"line":232},"10":{"loc":{"start":{"line":241,"column":17},"end":{"line":241,"column":null}},"type":"cond-expr","locations":[{"start":{"line":241,"column":27},"end":{"line":241,"column":null}},{"start":{"line":241,"column":45},"end":{"line":241,"column":null}}],"line":241},"11":{"loc":{"start":{"line":242,"column":17},"end":{"line":242,"column":null}},"type":"cond-expr","locations":[{"start":{"line":242,"column":27},"end":{"line":242,"column":51}},{"start":{"line":242,"column":51},"end":{"line":242,"column":null}}],"line":242},"12":{"loc":{"start":{"line":243,"column":17},"end":{"line":243,"column":null}},"type":"binary-expr","locations":[{"start":{"line":243,"column":17},"end":{"line":243,"column":29}},{"start":{"line":243,"column":29},"end":{"line":243,"column":null}}],"line":243},"13":{"loc":{"start":{"line":275,"column":82},"end":{"line":275,"column":97}},"type":"default-arg","locations":[{"start":{"line":275,"column":95},"end":{"line":275,"column":97}}],"line":275},"14":{"loc":{"start":{"line":301,"column":31},"end":{"line":301,"column":null}},"type":"cond-expr","locations":[{"start":{"line":301,"column":41},"end":{"line":301,"column":53}},{"start":{"line":301,"column":53},"end":{"line":301,"column":null}}],"line":301}},"s":{"0":0,"1":0,"2":0,"3":0,"4":0,"5":0,"6":0,"7":0,"8":0,"9":0,"10":0,"11":0,"12":0,"13":0,"14":0,"15":0,"16":0,"17":0,"18":0,"19":0,"20":0,"21":0,"22":0,"23":0,"24":0,"25":0,"26":0,"27":0,"28":0,"29":0,"30":0,"31":0,"32":0,"33":0,"34":0,"35":0,"36":0,"37":0,"38":0,"39":0,"40":0,"41":0},"f":{"0":0,"1":0,"2":0,"3":0,"4":0,"5":0,"6":0,"7":0,"8":0,"9":0,"10":0,"11":0,"12":0,"13":0,"14":0,"15":0},"b":{"0":[0,0],"1":[0,0],"2":[0,0],"3":[0,0],"4":[0,0],"5":[0,0],"6":[0,0],"7":[0,0],"8":[0,0],"9":[0,0],"10":[0,0],"11":[0,0],"12":[0,0],"13":[0],"14":[0,0]},"meta":{"lastBranch":15,"lastFunction":16,"lastStatement":42,"seen":{"s:7:6:10:Infinity":0,"f:7:6:7:Infinity":0,"s:8:2:10:Infinity":1,"s:14:6:17:Infinity":2,"f:14:6:14:Infinity":1,"s:15:2:17:Infinity":3,"s:21:10:34:Infinity":4,"f:36:24:36:36":2,"s:37:8:37:32":5,"s:38:17:38:40":6,"s:39:15:39:63":7,"s:40:16:40:42":8,"s:41:18:41:47":9,"s:42:18:42:47":10,"s:43:19:43:49":11,"s:45:2:48:Infinity":12,"f:45:2:45:18":3,"s:46:14:46:52":13,"f:46:14:46:31":4,"s:46:31:46:47":14,"s:47:4:47:Infinity":15,"f:47:4:47:17":5,"s:47:17:47:32":16,"s:50:8:52:Infinity":17,"f:50:8:50:24":6,"s:51:4:51:Infinity":18,"f:51:4:51:12":7,"s:51:18:51:61":19,"s:52:4:52:Infinity":20,"s:55:23:66:Infinity":21,"f:55:23:55:30":8,"s:56:4:56:Infinity":22,"b:57:4:57:Infinity:undefined:undefined:undefined:undefined":0,"s:57:4:57:Infinity":23,"b:57:8:57:23:57:23:57:39":1,"s:57:41:57:81":24,"s:57:81:57:Infinity":25,"s:58:4:58:Infinity":26,"s:59:4:66:Infinity":27,"s:60:18:60:35":28,"s:61:6:61:Infinity":29,"s:62:6:62:Infinity":30,"s:64:6:64:Infinity":31,"b:64:36:64:73:64:73:64:109":2,"b:64:73:64:88:64:88:64:109":3,"s:66:6:66:Infinity":32,"s:70:2:270:Infinity":33,"b:156:31:156:35:156:35:156:Infinity":4,"b:157:33:157:51:157:51:157:Infinity":5,"b:175:13:175:Infinity:176:14:191:Infinity":6,"f:217:16:217:36":9,"s:217:36:217:53":34,"f:218:16:218:36":10,"s:218:36:218:54":35,"b:226:40:226:50:226:50:226:Infinity":7,"b:226:61:226:74:226:74:226:Infinity":8,"b:232:36:232:52:232:52:232:Infinity":9,"f:238:16:238:29":11,"s:238:36:238:Infinity":36,"f:239:16:239:27":12,"s:239:34:239:Infinity":37,"b:241:27:241:Infinity:241:45:241:Infinity":10,"b:242:27:242:51:242:51:242:Infinity":11,"b:243:17:243:29:243:29:243:Infinity":12,"f:275:9:275:20":13,"b:275:95:275:97":13,"s:276:18:276:47":38,"s:277:2:310:Infinity":39,"f:296:8:296:23":14,"s:296:23:296:39":40,"f:297:8:297:22":15,"s:297:22:297:39":41,"b:301:41:301:53:301:53:301:Infinity":14},"fnNames":{}}}
,"C:\\Users\\Administrator\\Desktop\\Fullstack\\Repo-Frontend\\innovatech-frontend-valdes-munoz\\src\\pages\\RegisterPage.jsx": {"path":"C:\\Users\\Administrator\\Desktop\\Fullstack\\Repo-Frontend\\innovatech-frontend-valdes-munoz\\src\\pages\\RegisterPage.jsx","statementMap":{"0":{"start":{"line":7,"column":6},"end":{"line":10,"column":null}},"1":{"start":{"line":8,"column":2},"end":{"line":10,"column":null}},"2":{"start":{"line":14,"column":6},"end":{"line":17,"column":null}},"3":{"start":{"line":15,"column":2},"end":{"line":17,"column":null}},"4":{"start":{"line":21,"column":6},"end":{"line":24,"column":null}},"5":{"start":{"line":22,"column":2},"end":{"line":24,"column":null}},"6":{"start":{"line":27,"column":6},"end":{"line":30,"column":null}},"7":{"start":{"line":28,"column":2},"end":{"line":30,"column":null}},"8":{"start":{"line":35,"column":10},"end":{"line":48,"column":null}},"9":{"start":{"line":51,"column":24},"end":{"line":51,"column":null}},"10":{"start":{"line":52,"column":25},"end":{"line":57,"column":null}},"11":{"start":{"line":60,"column":17},"end":{"line":60,"column":19}},"12":{"start":{"line":61,"column":2},"end":{"line":61,"column":null}},"13":{"start":{"line":61,"column":51},"end":{"line":61,"column":null}},"14":{"start":{"line":62,"column":2},"end":{"line":62,"column":null}},"15":{"start":{"line":62,"column":51},"end":{"line":62,"column":null}},"16":{"start":{"line":63,"column":2},"end":{"line":63,"column":null}},"17":{"start":{"line":63,"column":51},"end":{"line":63,"column":null}},"18":{"start":{"line":64,"column":2},"end":{"line":64,"column":null}},"19":{"start":{"line":64,"column":33},"end":{"line":64,"column":44}},"20":{"start":{"line":64,"column":51},"end":{"line":64,"column":null}},"21":{"start":{"line":65,"column":2},"end":{"line":65,"column":null}},"22":{"start":{"line":69,"column":2},"end":{"line":69,"column":null}},"23":{"start":{"line":69,"column":12},"end":{"line":69,"column":null}},"24":{"start":{"line":70,"column":14},"end":{"line":70,"column":null}},"25":{"start":{"line":71,"column":2},"end":{"line":71,"column":null}},"26":{"start":{"line":71,"column":24},"end":{"line":71,"column":null}},"27":{"start":{"line":72,"column":2},"end":{"line":72,"column":null}},"28":{"start":{"line":72,"column":24},"end":{"line":72,"column":null}},"29":{"start":{"line":73,"column":2},"end":{"line":73,"column":null}},"30":{"start":{"line":73,"column":24},"end":{"line":73,"column":null}},"31":{"start":{"line":74,"column":2},"end":{"line":74,"column":null}},"32":{"start":{"line":74,"column":35},"end":{"line":74,"column":null}},"33":{"start":{"line":75,"column":2},"end":{"line":75,"column":null}},"34":{"start":{"line":75,"column":35},"end":{"line":75,"column":null}},"35":{"start":{"line":76,"column":2},"end":{"line":76,"column":null}},"36":{"start":{"line":76,"column":35},"end":{"line":76,"column":null}},"37":{"start":{"line":77,"column":2},"end":{"line":77,"column":null}},"38":{"start":{"line":77,"column":35},"end":{"line":77,"column":null}},"39":{"start":{"line":78,"column":16},"end":{"line":78,"column":null}},"40":{"start":{"line":78,"column":73},"end":{"line":78,"column":84}},"41":{"start":{"line":79,"column":2},"end":{"line":79,"column":null}},"42":{"start":{"line":79,"column":18},"end":{"line":79,"column":null}},"43":{"start":{"line":80,"column":2},"end":{"line":80,"column":null}},"44":{"start":{"line":80,"column":33},"end":{"line":80,"column":44}},"45":{"start":{"line":80,"column":47},"end":{"line":80,"column":null}},"46":{"start":{"line":81,"column":2},"end":{"line":81,"column":null}},"47":{"start":{"line":82,"column":2},"end":{"line":82,"column":null}},"48":{"start":{"line":82,"column":19},"end":{"line":82,"column":null}},"49":{"start":{"line":83,"column":2},"end":{"line":83,"column":null}},"50":{"start":{"line":83,"column":19},"end":{"line":83,"column":null}},"51":{"start":{"line":84,"column":2},"end":{"line":84,"column":null}},"52":{"start":{"line":84,"column":19},"end":{"line":84,"column":null}},"53":{"start":{"line":85,"column":2},"end":{"line":85,"column":null}},"54":{"start":{"line":85,"column":19},"end":{"line":85,"column":null}},"55":{"start":{"line":86,"column":2},"end":{"line":86,"column":null}},"56":{"start":{"line":91,"column":8},"end":{"line":91,"column":32}},"57":{"start":{"line":92,"column":17},"end":{"line":92,"column":40}},"58":{"start":{"line":93,"column":15},"end":{"line":93,"column":91}},"59":{"start":{"line":94,"column":16},"end":{"line":94,"column":42}},"60":{"start":{"line":95,"column":18},"end":{"line":95,"column":47}},"61":{"start":{"line":96,"column":19},"end":{"line":96,"column":49}},"62":{"start":{"line":97,"column":18},"end":{"line":97,"column":47}},"63":{"start":{"line":98,"column":19},"end":{"line":98,"column":49}},"64":{"start":{"line":100,"column":2},"end":{"line":103,"column":null}},"65":{"start":{"line":101,"column":14},"end":{"line":101,"column":52}},"66":{"start":{"line":101,"column":31},"end":{"line":101,"column":47}},"67":{"start":{"line":102,"column":4},"end":{"line":102,"column":null}},"68":{"start":{"line":102,"column":17},"end":{"line":102,"column":32}},"69":{"start":{"line":105,"column":19},"end":{"line":105,"column":45}},"70":{"start":{"line":106,"column":20},"end":{"line":106,"column":51}},"71":{"start":{"line":108,"column":8},"end":{"line":110,"column":null}},"72":{"start":{"line":109,"column":4},"end":{"line":109,"column":null}},"73":{"start":{"line":109,"column":18},"end":{"line":109,"column":61}},"74":{"start":{"line":110,"column":4},"end":{"line":110,"column":null}},"75":{"start":{"line":113,"column":23},"end":{"line":125,"column":null}},"76":{"start":{"line":114,"column":4},"end":{"line":114,"column":null}},"77":{"start":{"line":115,"column":4},"end":{"line":115,"column":null}},"78":{"start":{"line":115,"column":55},"end":{"line":115,"column":95}},"79":{"start":{"line":115,"column":95},"end":{"line":115,"column":null}},"80":{"start":{"line":116,"column":4},"end":{"line":116,"column":null}},"81":{"start":{"line":116,"column":32},"end":{"line":116,"column":56}},"82":{"start":{"line":116,"column":56},"end":{"line":116,"column":null}},"83":{"start":{"line":117,"column":4},"end":{"line":117,"column":null}},"84":{"start":{"line":118,"column":4},"end":{"line":125,"column":null}},"85":{"start":{"line":119,"column":18},"end":{"line":119,"column":38}},"86":{"start":{"line":120,"column":6},"end":{"line":120,"column":null}},"87":{"start":{"line":121,"column":6},"end":{"line":121,"column":null}},"88":{"start":{"line":123,"column":6},"end":{"line":123,"column":null}},"89":{"start":{"line":125,"column":6},"end":{"line":125,"column":null}},"90":{"start":{"line":129,"column":2},"end":{"line":397,"column":null}},"91":{"start":{"line":186,"column":16},"end":{"line":193,"column":null}},"92":{"start":{"line":276,"column":34},"end":{"line":276,"column":54}},"93":{"start":{"line":276,"column":51},"end":{"line":276,"column":54}},"94":{"start":{"line":307,"column":26},"end":{"line":314,"column":null}},"95":{"start":{"line":356,"column":36},"end":{"line":356,"column":53}},"96":{"start":{"line":357,"column":36},"end":{"line":357,"column":54}},"97":{"start":{"line":358,"column":36},"end":{"line":358,"column":null}},"98":{"start":{"line":359,"column":34},"end":{"line":359,"column":null}},"99":{"start":{"line":403,"column":18},"end":{"line":403,"column":47}},"100":{"start":{"line":404,"column":12},"end":{"line":407,"column":null}},"101":{"start":{"line":408,"column":2},"end":{"line":429,"column":null}},"102":{"start":{"line":419,"column":23},"end":{"line":419,"column":39}},"103":{"start":{"line":420,"column":22},"end":{"line":420,"column":39}},"104":{"start":{"line":435,"column":18},"end":{"line":435,"column":47}},"105":{"start":{"line":436,"column":17},"end":{"line":436,"column":null}},"106":{"start":{"line":437,"column":2},"end":{"line":467,"column":null}},"107":{"start":{"line":444,"column":23},"end":{"line":444,"column":39}},"108":{"start":{"line":445,"column":22},"end":{"line":445,"column":39}}},"fnMap":{"0":{"name":"(anonymous_0)","decl":{"start":{"line":7,"column":6},"end":{"line":7,"column":null}},"loc":{"start":{"line":8,"column":2},"end":{"line":10,"column":null}},"line":8},"1":{"name":"(anonymous_1)","decl":{"start":{"line":14,"column":6},"end":{"line":14,"column":null}},"loc":{"start":{"line":15,"column":2},"end":{"line":17,"column":null}},"line":15},"2":{"name":"(anonymous_2)","decl":{"start":{"line":21,"column":6},"end":{"line":21,"column":null}},"loc":{"start":{"line":22,"column":2},"end":{"line":24,"column":null}},"line":22},"3":{"name":"(anonymous_3)","decl":{"start":{"line":27,"column":6},"end":{"line":27,"column":null}},"loc":{"start":{"line":28,"column":2},"end":{"line":30,"column":null}},"line":28},"4":{"name":"validatePassword","decl":{"start":{"line":59,"column":9},"end":{"line":59,"column":26}},"loc":{"start":{"line":59,"column":31},"end":{"line":65,"column":null}},"line":59},"5":{"name":"(anonymous_5)","decl":{"start":{"line":64,"column":23},"end":{"line":64,"column":28}},"loc":{"start":{"line":64,"column":33},"end":{"line":64,"column":44}},"line":64},"6":{"name":"getStrength","decl":{"start":{"line":68,"column":9},"end":{"line":68,"column":21}},"loc":{"start":{"line":68,"column":26},"end":{"line":86,"column":null}},"line":68},"7":{"name":"(anonymous_7)","decl":{"start":{"line":78,"column":61},"end":{"line":78,"column":68}},"loc":{"start":{"line":78,"column":73},"end":{"line":78,"column":84}},"line":78},"8":{"name":"(anonymous_8)","decl":{"start":{"line":80,"column":23},"end":{"line":80,"column":28}},"loc":{"start":{"line":80,"column":33},"end":{"line":80,"column":44}},"line":80},"9":{"name":"RegisterPage","decl":{"start":{"line":90,"column":24},"end":{"line":90,"column":39}},"loc":{"start":{"line":90,"column":39},"end":{"line":397,"column":null}},"line":90},"10":{"name":"(anonymous_10)","decl":{"start":{"line":100,"column":2},"end":{"line":100,"column":18}},"loc":{"start":{"line":100,"column":18},"end":{"line":103,"column":7}},"line":100},"11":{"name":"(anonymous_11)","decl":{"start":{"line":101,"column":14},"end":{"line":101,"column":31}},"loc":{"start":{"line":101,"column":31},"end":{"line":101,"column":47}},"line":101},"12":{"name":"(anonymous_12)","decl":{"start":{"line":102,"column":4},"end":{"line":102,"column":17}},"loc":{"start":{"line":102,"column":17},"end":{"line":102,"column":32}},"line":102},"13":{"name":"(anonymous_13)","decl":{"start":{"line":108,"column":8},"end":{"line":108,"column":24}},"loc":{"start":{"line":108,"column":30},"end":{"line":110,"column":null}},"line":108},"14":{"name":"(anonymous_14)","decl":{"start":{"line":109,"column":4},"end":{"line":109,"column":12}},"loc":{"start":{"line":109,"column":18},"end":{"line":109,"column":61}},"line":109},"15":{"name":"(anonymous_15)","decl":{"start":{"line":113,"column":23},"end":{"line":113,"column":30}},"loc":{"start":{"line":113,"column":36},"end":{"line":125,"column":null}},"line":113},"16":{"name":"(anonymous_16)","decl":{"start":{"line":185,"column":16},"end":{"line":185,"column":21}},"loc":{"start":{"line":186,"column":16},"end":{"line":193,"column":null}},"line":186},"17":{"name":"(anonymous_17)","decl":{"start":{"line":276,"column":18},"end":{"line":276,"column":34}},"loc":{"start":{"line":276,"column":34},"end":{"line":276,"column":54}},"line":276},"18":{"name":"(anonymous_18)","decl":{"start":{"line":276,"column":34},"end":{"line":276,"column":46}},"loc":{"start":{"line":276,"column":51},"end":{"line":276,"column":54}},"line":276},"19":{"name":"(anonymous_19)","decl":{"start":{"line":306,"column":35},"end":{"line":306,"column":39}},"loc":{"start":{"line":307,"column":26},"end":{"line":314,"column":null}},"line":307},"20":{"name":"(anonymous_20)","decl":{"start":{"line":356,"column":16},"end":{"line":356,"column":36}},"loc":{"start":{"line":356,"column":36},"end":{"line":356,"column":53}},"line":356},"21":{"name":"(anonymous_21)","decl":{"start":{"line":357,"column":16},"end":{"line":357,"column":36}},"loc":{"start":{"line":357,"column":36},"end":{"line":357,"column":54}},"line":357},"22":{"name":"(anonymous_22)","decl":{"start":{"line":358,"column":16},"end":{"line":358,"column":29}},"loc":{"start":{"line":358,"column":34},"end":{"line":358,"column":null}},"line":358},"23":{"name":"(anonymous_23)","decl":{"start":{"line":359,"column":16},"end":{"line":359,"column":27}},"loc":{"start":{"line":359,"column":32},"end":{"line":359,"column":null}},"line":359},"24":{"name":"InputField","decl":{"start":{"line":402,"column":9},"end":{"line":402,"column":20}},"loc":{"start":{"line":402,"column":77},"end":{"line":429,"column":null}},"line":402},"25":{"name":"(anonymous_25)","decl":{"start":{"line":419,"column":8},"end":{"line":419,"column":23}},"loc":{"start":{"line":419,"column":23},"end":{"line":419,"column":39}},"line":419},"26":{"name":"(anonymous_26)","decl":{"start":{"line":420,"column":8},"end":{"line":420,"column":22}},"loc":{"start":{"line":420,"column":22},"end":{"line":420,"column":39}},"line":420},"27":{"name":"PasswordInput","decl":{"start":{"line":434,"column":9},"end":{"line":434,"column":23}},"loc":{"start":{"line":434,"column":79},"end":{"line":467,"column":null}},"line":434},"28":{"name":"(anonymous_28)","decl":{"start":{"line":444,"column":8},"end":{"line":444,"column":23}},"loc":{"start":{"line":444,"column":23},"end":{"line":444,"column":39}},"line":444},"29":{"name":"(anonymous_29)","decl":{"start":{"line":445,"column":8},"end":{"line":445,"column":22}},"loc":{"start":{"line":445,"column":22},"end":{"line":445,"column":39}},"line":445}},"branchMap":{"0":{"loc":{"start":{"line":61,"column":2},"end":{"line":61,"column":null}},"type":"if","locations":[{"start":{"line":61,"column":2},"end":{"line":61,"column":null}},{"start":{},"end":{}}],"line":61},"1":{"loc":{"start":{"line":62,"column":2},"end":{"line":62,"column":null}},"type":"if","locations":[{"start":{"line":62,"column":2},"end":{"line":62,"column":null}},{"start":{},"end":{}}],"line":62},"2":{"loc":{"start":{"line":63,"column":2},"end":{"line":63,"column":null}},"type":"if","locations":[{"start":{"line":63,"column":2},"end":{"line":63,"column":null}},{"start":{},"end":{}}],"line":63},"3":{"loc":{"start":{"line":64,"column":2},"end":{"line":64,"column":null}},"type":"if","locations":[{"start":{"line":64,"column":2},"end":{"line":64,"column":null}},{"start":{},"end":{}}],"line":64},"4":{"loc":{"start":{"line":69,"column":2},"end":{"line":69,"column":null}},"type":"if","locations":[{"start":{"line":69,"column":2},"end":{"line":69,"column":null}},{"start":{},"end":{}}],"line":69},"5":{"loc":{"start":{"line":71,"column":2},"end":{"line":71,"column":null}},"type":"if","locations":[{"start":{"line":71,"column":2},"end":{"line":71,"column":null}},{"start":{},"end":{}}],"line":71},"6":{"loc":{"start":{"line":72,"column":2},"end":{"line":72,"column":null}},"type":"if","locations":[{"start":{"line":72,"column":2},"end":{"line":72,"column":null}},{"start":{},"end":{}}],"line":72},"7":{"loc":{"start":{"line":73,"column":2},"end":{"line":73,"column":null}},"type":"if","locations":[{"start":{"line":73,"column":2},"end":{"line":73,"column":null}},{"start":{},"end":{}}],"line":73},"8":{"loc":{"start":{"line":74,"column":2},"end":{"line":74,"column":null}},"type":"if","locations":[{"start":{"line":74,"column":2},"end":{"line":74,"column":null}},{"start":{},"end":{}}],"line":74},"9":{"loc":{"start":{"line":75,"column":2},"end":{"line":75,"column":null}},"type":"if","locations":[{"start":{"line":75,"column":2},"end":{"line":75,"column":null}},{"start":{},"end":{}}],"line":75},"10":{"loc":{"start":{"line":76,"column":2},"end":{"line":76,"column":null}},"type":"if","locations":[{"start":{"line":76,"column":2},"end":{"line":76,"column":null}},{"start":{},"end":{}}],"line":76},"11":{"loc":{"start":{"line":77,"column":2},"end":{"line":77,"column":null}},"type":"if","locations":[{"start":{"line":77,"column":2},"end":{"line":77,"column":null}},{"start":{},"end":{}}],"line":77},"12":{"loc":{"start":{"line":79,"column":2},"end":{"line":79,"column":null}},"type":"if","locations":[{"start":{"line":79,"column":2},"end":{"line":79,"column":null}},{"start":{},"end":{}}],"line":79},"13":{"loc":{"start":{"line":80,"column":2},"end":{"line":80,"column":null}},"type":"if","locations":[{"start":{"line":80,"column":2},"end":{"line":80,"column":null}},{"start":{},"end":{}}],"line":80},"14":{"loc":{"start":{"line":82,"column":2},"end":{"line":82,"column":null}},"type":"if","locations":[{"start":{"line":82,"column":2},"end":{"line":82,"column":null}},{"start":{},"end":{}}],"line":82},"15":{"loc":{"start":{"line":83,"column":2},"end":{"line":83,"column":null}},"type":"if","locations":[{"start":{"line":83,"column":2},"end":{"line":83,"column":null}},{"start":{},"end":{}}],"line":83},"16":{"loc":{"start":{"line":84,"column":2},"end":{"line":84,"column":null}},"type":"if","locations":[{"start":{"line":84,"column":2},"end":{"line":84,"column":null}},{"start":{},"end":{}}],"line":84},"17":{"loc":{"start":{"line":85,"column":2},"end":{"line":85,"column":null}},"type":"if","locations":[{"start":{"line":85,"column":2},"end":{"line":85,"column":null}},{"start":{},"end":{}}],"line":85},"18":{"loc":{"start":{"line":115,"column":4},"end":{"line":115,"column":null}},"type":"if","locations":[{"start":{"line":115,"column":4},"end":{"line":115,"column":null}},{"start":{},"end":{}}],"line":115},"19":{"loc":{"start":{"line":115,"column":8},"end":{"line":115,"column":53}},"type":"binary-expr","locations":[{"start":{"line":115,"column":8},"end":{"line":115,"column":22}},{"start":{"line":115,"column":22},"end":{"line":115,"column":37}},{"start":{"line":115,"column":37},"end":{"line":115,"column":53}}],"line":115},"20":{"loc":{"start":{"line":116,"column":4},"end":{"line":116,"column":null}},"type":"if","locations":[{"start":{"line":116,"column":4},"end":{"line":116,"column":null}},{"start":{},"end":{}}],"line":116},"21":{"loc":{"start":{"line":123,"column":15},"end":{"line":123,"column":106}},"type":"cond-expr","locations":[{"start":{"line":123,"column":36},"end":{"line":123,"column":70}},{"start":{"line":123,"column":70},"end":{"line":123,"column":106}}],"line":123},"22":{"loc":{"start":{"line":123,"column":70},"end":{"line":123,"column":106}},"type":"binary-expr","locations":[{"start":{"line":123,"column":70},"end":{"line":123,"column":85}},{"start":{"line":123,"column":85},"end":{"line":123,"column":106}}],"line":123},"23":{"loc":{"start":{"line":218,"column":21},"end":{"line":218,"column":null}},"type":"cond-expr","locations":[{"start":{"line":218,"column":31},"end":{"line":218,"column":35}},{"start":{"line":218,"column":35},"end":{"line":218,"column":null}}],"line":218},"24":{"loc":{"start":{"line":219,"column":23},"end":{"line":219,"column":null}},"type":"cond-expr","locations":[{"start":{"line":219,"column":33},"end":{"line":219,"column":51}},{"start":{"line":219,"column":51},"end":{"line":219,"column":null}}],"line":219},"25":{"loc":{"start":{"line":236,"column":13},"end":{"line":246,"column":null}},"type":"binary-expr","locations":[{"start":{"line":236,"column":13},"end":{"line":236,"column":null}},{"start":{"line":237,"column":14},"end":{"line":246,"column":null}}],"line":236},"26":{"loc":{"start":{"line":277,"column":29},"end":{"line":277,"column":null}},"type":"binary-expr","locations":[{"start":{"line":277,"column":29},"end":{"line":277,"column":57}},{"start":{"line":277,"column":57},"end":{"line":277,"column":null}}],"line":277},"27":{"loc":{"start":{"line":281,"column":17},"end":{"line":316,"column":null}},"type":"binary-expr","locations":[{"start":{"line":281,"column":17},"end":{"line":281,"column":null}},{"start":{"line":282,"column":18},"end":{"line":316,"column":null}}],"line":281},"28":{"loc":{"start":{"line":301,"column":21},"end":{"line":316,"column":null}},"type":"binary-expr","locations":[{"start":{"line":301,"column":21},"end":{"line":301,"column":null}},{"start":{"line":302,"column":22},"end":{"line":316,"column":null}}],"line":301},"29":{"loc":{"start":{"line":364,"column":30},"end":{"line":364,"column":null}},"type":"cond-expr","locations":[{"start":{"line":364,"column":40},"end":{"line":364,"column":50}},{"start":{"line":364,"column":50},"end":{"line":364,"column":null}}],"line":364},"30":{"loc":{"start":{"line":364,"column":50},"end":{"line":364,"column":null}},"type":"cond-expr","locations":[{"start":{"line":364,"column":61},"end":{"line":364,"column":74}},{"start":{"line":364,"column":74},"end":{"line":364,"column":null}}],"line":364},"31":{"loc":{"start":{"line":368,"column":26},"end":{"line":368,"column":null}},"type":"cond-expr","locations":[{"start":{"line":368,"column":36},"end":{"line":368,"column":52}},{"start":{"line":368,"column":52},"end":{"line":368,"column":null}}],"line":368},"32":{"loc":{"start":{"line":373,"column":17},"end":{"line":373,"column":null}},"type":"cond-expr","locations":[{"start":{"line":373,"column":27},"end":{"line":373,"column":null}},{"start":{"line":373,"column":45},"end":{"line":373,"column":null}}],"line":373},"33":{"loc":{"start":{"line":374,"column":17},"end":{"line":374,"column":null}},"type":"cond-expr","locations":[{"start":{"line":374,"column":27},"end":{"line":374,"column":49}},{"start":{"line":374,"column":49},"end":{"line":374,"column":null}}],"line":374},"34":{"loc":{"start":{"line":375,"column":17},"end":{"line":375,"column":null}},"type":"binary-expr","locations":[{"start":{"line":375,"column":17},"end":{"line":375,"column":29}},{"start":{"line":375,"column":29},"end":{"line":375,"column":null}}],"line":375},"35":{"loc":{"start":{"line":423,"column":31},"end":{"line":423,"column":null}},"type":"cond-expr","locations":[{"start":{"line":423,"column":41},"end":{"line":423,"column":53}},{"start":{"line":423,"column":53},"end":{"line":423,"column":null}}],"line":423},"36":{"loc":{"start":{"line":436,"column":17},"end":{"line":436,"column":null}},"type":"cond-expr","locations":[{"start":{"line":436,"column":29},"end":{"line":436,"column":54}},{"start":{"line":436,"column":54},"end":{"line":436,"column":null}}],"line":436},"37":{"loc":{"start":{"line":436,"column":54},"end":{"line":436,"column":null}},"type":"cond-expr","locations":[{"start":{"line":436,"column":64},"end":{"line":436,"column":76}},{"start":{"line":436,"column":76},"end":{"line":436,"column":null}}],"line":436},"38":{"loc":{"start":{"line":441,"column":14},"end":{"line":441,"column":null}},"type":"cond-expr","locations":[{"start":{"line":441,"column":25},"end":{"line":441,"column":34}},{"start":{"line":441,"column":34},"end":{"line":441,"column":null}}],"line":441},"39":{"loc":{"start":{"line":458,"column":20},"end":{"line":458,"column":null}},"type":"cond-expr","locations":[{"start":{"line":458,"column":31},"end":{"line":458,"column":54}},{"start":{"line":458,"column":54},"end":{"line":458,"column":null}}],"line":458},"40":{"loc":{"start":{"line":466,"column":9},"end":{"line":466,"column":null}},"type":"cond-expr","locations":[{"start":{"line":466,"column":20},"end":{"line":466,"column":38}},{"start":{"line":466,"column":37},"end":{"line":466,"column":null}}],"line":466}},"s":{"0":0,"1":0,"2":0,"3":0,"4":0,"5":0,"6":0,"7":0,"8":0,"9":0,"10":0,"11":0,"12":0,"13":0,"14":0,"15":0,"16":0,"17":0,"18":0,"19":0,"20":0,"21":0,"22":0,"23":0,"24":0,"25":0,"26":0,"27":0,"28":0,"29":0,"30":0,"31":0,"32":0,"33":0,"34":0,"35":0,"36":0,"37":0,"38":0,"39":0,"40":0,"41":0,"42":0,"43":0,"44":0,"45":0,"46":0,"47":0,"48":0,"49":0,"50":0,"51":0,"52":0,"53":0,"54":0,"55":0,"56":0,"57":0,"58":0,"59":0,"60":0,"61":0,"62":0,"63":0,"64":0,"65":0,"66":0,"67":0,"68":0,"69":0,"70":0,"71":0,"72":0,"73":0,"74":0,"75":0,"76":0,"77":0,"78":0,"79":0,"80":0,"81":0,"82":0,"83":0,"84":0,"85":0,"86":0,"87":0,"88":0,"89":0,"90":0,"91":0,"92":0,"93":0,"94":0,"95":0,"96":0,"97":0,"98":0,"99":0,"100":0,"101":0,"102":0,"103":0,"104":0,"105":0,"106":0,"107":0,"108":0},"f":{"0":0,"1":0,"2":0,"3":0,"4":0,"5":0,"6":0,"7":0,"8":0,"9":0,"10":0,"11":0,"12":0,"13":0,"14":0,"15":0,"16":0,"17":0,"18":0,"19":0,"20":0,"21":0,"22":0,"23":0,"24":0,"25":0,"26":0,"27":0,"28":0,"29":0},"b":{"0":[0,0],"1":[0,0],"2":[0,0],"3":[0,0],"4":[0,0],"5":[0,0],"6":[0,0],"7":[0,0],"8":[0,0],"9":[0,0],"10":[0,0],"11":[0,0],"12":[0,0],"13":[0,0],"14":[0,0],"15":[0,0],"16":[0,0],"17":[0,0],"18":[0,0],"19":[0,0,0],"20":[0,0],"21":[0,0],"22":[0,0],"23":[0,0],"24":[0,0],"25":[0,0],"26":[0,0],"27":[0,0],"28":[0,0],"29":[0,0],"30":[0,0],"31":[0,0],"32":[0,0],"33":[0,0],"34":[0,0],"35":[0,0],"36":[0,0],"37":[0,0],"38":[0,0],"39":[0,0],"40":[0,0]},"meta":{"lastBranch":41,"lastFunction":30,"lastStatement":109,"seen":{"s:7:6:10:Infinity":0,"f:7:6:7:Infinity":0,"s:8:2:10:Infinity":1,"s:14:6:17:Infinity":2,"f:14:6:14:Infinity":1,"s:15:2:17:Infinity":3,"s:21:6:24:Infinity":4,"f:21:6:21:Infinity":2,"s:22:2:24:Infinity":5,"s:27:6:30:Infinity":6,"f:27:6:27:Infinity":3,"s:28:2:30:Infinity":7,"s:35:10:48:Infinity":8,"s:51:24:51:Infinity":9,"s:52:25:57:Infinity":10,"f:59:9:59:26":4,"s:60:17:60:19":11,"b:61:2:61:Infinity:undefined:undefined:undefined:undefined":0,"s:61:2:61:Infinity":12,"s:61:51:61:Infinity":13,"b:62:2:62:Infinity:undefined:undefined:undefined:undefined":1,"s:62:2:62:Infinity":14,"s:62:51:62:Infinity":15,"b:63:2:63:Infinity:undefined:undefined:undefined:undefined":2,"s:63:2:63:Infinity":16,"s:63:51:63:Infinity":17,"b:64:2:64:Infinity:undefined:undefined:undefined:undefined":3,"s:64:2:64:Infinity":18,"f:64:23:64:28":5,"s:64:33:64:44":19,"s:64:51:64:Infinity":20,"s:65:2:65:Infinity":21,"f:68:9:68:21":6,"b:69:2:69:Infinity:undefined:undefined:undefined:undefined":4,"s:69:2:69:Infinity":22,"s:69:12:69:Infinity":23,"s:70:14:70:Infinity":24,"b:71:2:71:Infinity:undefined:undefined:undefined:undefined":5,"s:71:2:71:Infinity":25,"s:71:24:71:Infinity":26,"b:72:2:72:Infinity:undefined:undefined:undefined:undefined":6,"s:72:2:72:Infinity":27,"s:72:24:72:Infinity":28,"b:73:2:73:Infinity:undefined:undefined:undefined:undefined":7,"s:73:2:73:Infinity":29,"s:73:24:73:Infinity":30,"b:74:2:74:Infinity:undefined:undefined:undefined:undefined":8,"s:74:2:74:Infinity":31,"s:74:35:74:Infinity":32,"b:75:2:75:Infinity:undefined:undefined:undefined:undefined":9,"s:75:2:75:Infinity":33,"s:75:35:75:Infinity":34,"b:76:2:76:Infinity:undefined:undefined:undefined:undefined":10,"s:76:2:76:Infinity":35,"s:76:35:76:Infinity":36,"b:77:2:77:Infinity:undefined:undefined:undefined:undefined":11,"s:77:2:77:Infinity":37,"s:77:35:77:Infinity":38,"s:78:16:78:Infinity":39,"f:78:61:78:68":7,"s:78:73:78:84":40,"b:79:2:79:Infinity:undefined:undefined:undefined:undefined":12,"s:79:2:79:Infinity":41,"s:79:18:79:Infinity":42,"b:80:2:80:Infinity:undefined:undefined:undefined:undefined":13,"s:80:2:80:Infinity":43,"f:80:23:80:28":8,"s:80:33:80:44":44,"s:80:47:80:Infinity":45,"s:81:2:81:Infinity":46,"b:82:2:82:Infinity:undefined:undefined:undefined:undefined":14,"s:82:2:82:Infinity":47,"s:82:19:82:Infinity":48,"b:83:2:83:Infinity:undefined:undefined:undefined:undefined":15,"s:83:2:83:Infinity":49,"s:83:19:83:Infinity":50,"b:84:2:84:Infinity:undefined:undefined:undefined:undefined":16,"s:84:2:84:Infinity":51,"s:84:19:84:Infinity":52,"b:85:2:85:Infinity:undefined:undefined:undefined:undefined":17,"s:85:2:85:Infinity":53,"s:85:19:85:Infinity":54,"s:86:2:86:Infinity":55,"f:90:24:90:39":9,"s:91:8:91:32":56,"s:92:17:92:40":57,"s:93:15:93:91":58,"s:94:16:94:42":59,"s:95:18:95:47":60,"s:96:19:96:49":61,"s:97:18:97:47":62,"s:98:19:98:49":63,"s:100:2:103:Infinity":64,"f:100:2:100:18":10,"s:101:14:101:52":65,"f:101:14:101:31":11,"s:101:31:101:47":66,"s:102:4:102:Infinity":67,"f:102:4:102:17":12,"s:102:17:102:32":68,"s:105:19:105:45":69,"s:106:20:106:51":70,"s:108:8:110:Infinity":71,"f:108:8:108:24":13,"s:109:4:109:Infinity":72,"f:109:4:109:12":14,"s:109:18:109:61":73,"s:110:4:110:Infinity":74,"s:113:23:125:Infinity":75,"f:113:23:113:30":15,"s:114:4:114:Infinity":76,"b:115:4:115:Infinity:undefined:undefined:undefined:undefined":18,"s:115:4:115:Infinity":77,"b:115:8:115:22:115:22:115:37:115:37:115:53":19,"s:115:55:115:95":78,"s:115:95:115:Infinity":79,"b:116:4:116:Infinity:undefined:undefined:undefined:undefined":20,"s:116:4:116:Infinity":80,"s:116:32:116:56":81,"s:116:56:116:Infinity":82,"s:117:4:117:Infinity":83,"s:118:4:125:Infinity":84,"s:119:18:119:38":85,"s:120:6:120:Infinity":86,"s:121:6:121:Infinity":87,"s:123:6:123:Infinity":88,"b:123:36:123:70:123:70:123:106":21,"b:123:70:123:85:123:85:123:106":22,"s:125:6:125:Infinity":89,"s:129:2:397:Infinity":90,"f:185:16:185:21":16,"s:186:16:193:Infinity":91,"b:218:31:218:35:218:35:218:Infinity":23,"b:219:33:219:51:219:51:219:Infinity":24,"b:236:13:236:Infinity:237:14:246:Infinity":25,"f:276:18:276:34":17,"s:276:34:276:54":92,"f:276:34:276:46":18,"s:276:51:276:54":93,"b:277:29:277:57:277:57:277:Infinity":26,"b:281:17:281:Infinity:282:18:316:Infinity":27,"b:301:21:301:Infinity:302:22:316:Infinity":28,"f:306:35:306:39":19,"s:307:26:314:Infinity":94,"f:356:16:356:36":20,"s:356:36:356:53":95,"f:357:16:357:36":21,"s:357:36:357:54":96,"f:358:16:358:29":22,"s:358:36:358:Infinity":97,"f:359:16:359:27":23,"s:359:34:359:Infinity":98,"b:364:40:364:50:364:50:364:Infinity":29,"b:364:61:364:74:364:74:364:Infinity":30,"b:368:36:368:52:368:52:368:Infinity":31,"b:373:27:373:Infinity:373:45:373:Infinity":32,"b:374:27:374:49:374:49:374:Infinity":33,"b:375:17:375:29:375:29:375:Infinity":34,"f:402:9:402:20":24,"s:403:18:403:47":99,"s:404:12:407:Infinity":100,"s:408:2:429:Infinity":101,"f:419:8:419:23":25,"s:419:23:419:39":102,"f:420:8:420:22":26,"s:420:22:420:39":103,"b:423:41:423:53:423:53:423:Infinity":35,"f:434:9:434:23":27,"s:435:18:435:47":104,"s:436:17:436:Infinity":105,"b:436:29:436:54:436:54:436:Infinity":36,"b:436:64:436:76:436:76:436:Infinity":37,"s:437:2:467:Infinity":106,"b:441:25:441:34:441:34:441:Infinity":38,"f:444:8:444:23":28,"s:444:23:444:39":107,"f:445:8:445:22":29,"s:445:22:445:39":108,"b:458:31:458:54:458:54:458:Infinity":39,"b:466:20:466:38:466:37:466:Infinity":40},"fnNames":{}}}
,"C:\\Users\\Administrator\\Desktop\\Fullstack\\Repo-Frontend\\innovatech-frontend-valdes-munoz\\src\\pages\\dashboard\\KpiView.jsx": {"path":"C:\\Users\\Administrator\\Desktop\\Fullstack\\Repo-Frontend\\innovatech-frontend-valdes-munoz\\src\\pages\\dashboard\\KpiView.jsx","statementMap":{"0":{"start":{"line":7,"column":18},"end":{"line":7,"column":46}},"1":{"start":{"line":8,"column":18},"end":{"line":8,"column":46}},"2":{"start":{"line":9,"column":18},"end":{"line":9,"column":46}},"3":{"start":{"line":11,"column":23},"end":{"line":15,"column":null}},"4":{"start":{"line":12,"column":4},"end":{"line":12,"column":22}},"5":{"start":{"line":12,"column":22},"end":{"line":12,"column":null}},"6":{"start":{"line":13,"column":4},"end":{"line":15,"column":null}},"7":{"start":{"line":13,"column":10},"end":{"line":13,"column":null}},"8":{"start":{"line":14,"column":18},"end":{"line":14,"column":null}},"9":{"start":{"line":15,"column":14},"end":{"line":15,"column":null}},"10":{"start":{"line":18,"column":2},"end":{"line":18,"column":null}},"11":{"start":{"line":18,"column":20},"end":{"line":18,"column":38}},"12":{"start":{"line":20,"column":2},"end":{"line":93,"column":null}},"13":{"start":{"line":50,"column":20},"end":{"line":54,"column":null}},"14":{"start":{"line":60,"column":18},"end":{"line":86,"column":null}}},"fnMap":{"0":{"name":"KpiView","decl":{"start":{"line":6,"column":24},"end":{"line":6,"column":34}},"loc":{"start":{"line":6,"column":34},"end":{"line":93,"column":null}},"line":6},"1":{"name":"(anonymous_1)","decl":{"start":{"line":11,"column":23},"end":{"line":11,"column":35}},"loc":{"start":{"line":11,"column":35},"end":{"line":15,"column":null}},"line":11},"2":{"name":"(anonymous_2)","decl":{"start":{"line":18,"column":2},"end":{"line":18,"column":18}},"loc":{"start":{"line":18,"column":18},"end":{"line":18,"column":40}},"line":18},"3":{"name":"(anonymous_3)","decl":{"start":{"line":49,"column":95},"end":{"line":49,"column":99}},"loc":{"start":{"line":50,"column":20},"end":{"line":54,"column":null}},"line":50},"4":{"name":"(anonymous_4)","decl":{"start":{"line":59,"column":33},"end":{"line":59,"column":38}},"loc":{"start":{"line":60,"column":18},"end":{"line":86,"column":null}},"line":60}},"branchMap":{"0":{"loc":{"start":{"line":14,"column":27},"end":{"line":14,"column":69}},"type":"binary-expr","locations":[{"start":{"line":14,"column":27},"end":{"line":14,"column":43}},{"start":{"line":14,"column":43},"end":{"line":14,"column":69}}],"line":14},"1":{"loc":{"start":{"line":29,"column":7},"end":{"line":29,"column":null}},"type":"binary-expr","locations":[{"start":{"line":29,"column":7},"end":{"line":29,"column":16}},{"start":{"line":29,"column":16},"end":{"line":29,"column":null}}],"line":29},"2":{"loc":{"start":{"line":33,"column":53},"end":{"line":33,"column":null}},"type":"cond-expr","locations":[{"start":{"line":33,"column":63},"end":{"line":33,"column":113}},{"start":{"line":33,"column":113},"end":{"line":33,"column":null}}],"line":33},"3":{"loc":{"start":{"line":33,"column":67},"end":{"line":33,"column":97}},"type":"binary-expr","locations":[{"start":{"line":33,"column":67},"end":{"line":33,"column":94}},{"start":{"line":33,"column":94},"end":{"line":33,"column":97}}],"line":33},"4":{"loc":{"start":{"line":39,"column":7},"end":{"line":90,"column":null}},"type":"binary-expr","locations":[{"start":{"line":39,"column":7},"end":{"line":39,"column":19}},{"start":{"line":39,"column":19},"end":{"line":39,"column":null}},{"start":{"line":40,"column":8},"end":{"line":90,"column":null}}],"line":39},"5":{"loc":{"start":{"line":62,"column":32},"end":{"line":62,"column":null}},"type":"cond-expr","locations":[{"start":{"line":62,"column":46},"end":{"line":62,"column":64}},{"start":{"line":62,"column":64},"end":{"line":62,"column":null}}],"line":62},"6":{"loc":{"start":{"line":71,"column":37},"end":{"line":71,"column":65}},"type":"binary-expr","locations":[{"start":{"line":71,"column":37},"end":{"line":71,"column":63}},{"start":{"line":71,"column":63},"end":{"line":71,"column":65}}],"line":71},"7":{"loc":{"start":{"line":72,"column":28},"end":{"line":74,"column":null}},"type":"cond-expr","locations":[{"start":{"line":72,"column":74},"end":{"line":72,"column":null}},{"start":{"line":72,"column":82},"end":{"line":74,"column":null}}],"line":72},"8":{"loc":{"start":{"line":72,"column":41},"end":{"line":72,"column":69}},"type":"binary-expr","locations":[{"start":{"line":72,"column":41},"end":{"line":72,"column":65}},{"start":{"line":72,"column":65},"end":{"line":72,"column":69}}],"line":72},"9":{"loc":{"start":{"line":72,"column":82},"end":{"line":74,"column":null}},"type":"cond-expr","locations":[{"start":{"line":73,"column":74},"end":{"line":73,"column":null}},{"start":{"line":74,"column":40},"end":{"line":74,"column":null}}],"line":72},"10":{"loc":{"start":{"line":73,"column":41},"end":{"line":73,"column":69}},"type":"binary-expr","locations":[{"start":{"line":73,"column":41},"end":{"line":73,"column":65}},{"start":{"line":73,"column":65},"end":{"line":73,"column":69}}],"line":73},"11":{"loc":{"start":{"line":78,"column":28},"end":{"line":78,"column":55}},"type":"binary-expr","locations":[{"start":{"line":78,"column":28},"end":{"line":78,"column":52}},{"start":{"line":78,"column":52},"end":{"line":78,"column":55}}],"line":78},"12":{"loc":{"start":{"line":84,"column":23},"end":{"line":84,"column":null}},"type":"cond-expr","locations":[{"start":{"line":84,"column":39},"end":{"line":84,"column":90}},{"start":{"line":84,"column":93},"end":{"line":84,"column":null}}],"line":84}},"s":{"0":0,"1":0,"2":0,"3":0,"4":0,"5":0,"6":0,"7":0,"8":0,"9":0,"10":0,"11":0,"12":0,"13":0,"14":0},"f":{"0":0,"1":0,"2":0,"3":0,"4":0},"b":{"0":[0,0],"1":[0,0],"2":[0,0],"3":[0,0],"4":[0,0,0],"5":[0,0],"6":[0,0],"7":[0,0],"8":[0,0],"9":[0,0],"10":[0,0],"11":[0,0],"12":[0,0]},"meta":{"lastBranch":13,"lastFunction":5,"lastStatement":15,"seen":{"f:6:24:6:34":0,"s:7:18:7:46":0,"s:8:18:8:46":1,"s:9:18:9:46":2,"s:11:23:15:Infinity":3,"f:11:23:11:35":1,"s:12:4:12:22":4,"s:12:22:12:Infinity":5,"s:13:4:15:Infinity":6,"s:13:10:13:Infinity":7,"s:14:18:14:Infinity":8,"b:14:27:14:43:14:43:14:69":0,"s:15:14:15:Infinity":9,"s:18:2:18:Infinity":10,"f:18:2:18:18":2,"s:18:20:18:38":11,"s:20:2:93:Infinity":12,"b:29:7:29:16:29:16:29:Infinity":1,"b:33:63:33:113:33:113:33:Infinity":2,"b:33:67:33:94:33:94:33:97":3,"b:39:7:39:19:39:19:39:Infinity:40:8:90:Infinity":4,"f:49:95:49:99":3,"s:50:20:54:Infinity":13,"f:59:33:59:38":4,"s:60:18:86:Infinity":14,"b:62:46:62:64:62:64:62:Infinity":5,"b:71:37:71:63:71:63:71:65":6,"b:72:74:72:Infinity:72:82:74:Infinity":7,"b:72:41:72:65:72:65:72:69":8,"b:73:74:73:Infinity:74:40:74:Infinity":9,"b:73:41:73:65:73:65:73:69":10,"b:78:28:78:52:78:52:78:55":11,"b:84:39:84:90:84:93:84:Infinity":12},"fnNames":{}}}
,"C:\\Users\\Administrator\\Desktop\\Fullstack\\Repo-Frontend\\innovatech-frontend-valdes-munoz\\src\\pages\\dashboard\\NotificationsView.jsx": {"path":"C:\\Users\\Administrator\\Desktop\\Fullstack\\Repo-Frontend\\innovatech-frontend-valdes-munoz\\src\\pages\\dashboard\\NotificationsView.jsx","statementMap":{"0":{"start":{"line":8,"column":25},"end":{"line":8,"column":58}},"1":{"start":{"line":9,"column":25},"end":{"line":9,"column":60}},"2":{"start":{"line":10,"column":25},"end":{"line":10,"column":58}},"3":{"start":{"line":11,"column":25},"end":{"line":11,"column":60}},"4":{"start":{"line":12,"column":25},"end":{"line":12,"column":61}},"5":{"start":{"line":14,"column":2},"end":{"line":23,"column":null}},"6":{"start":{"line":15,"column":4},"end":{"line":22,"column":null}},"7":{"start":{"line":17,"column":21},"end":{"line":17,"column":52}},"8":{"start":{"line":18,"column":8},"end":{"line":18,"column":null}},"9":{"start":{"line":19,"column":8},"end":{"line":19,"column":null}},"10":{"start":{"line":19,"column":29},"end":{"line":19,"column":null}},"11":{"start":{"line":22,"column":21},"end":{"line":22,"column":42}},"12":{"start":{"line":25,"column":2},"end":{"line":32,"column":null}},"13":{"start":{"line":26,"column":4},"end":{"line":26,"column":null}},"14":{"start":{"line":26,"column":21},"end":{"line":26,"column":null}},"15":{"start":{"line":27,"column":4},"end":{"line":27,"column":null}},"16":{"start":{"line":28,"column":4},"end":{"line":31,"column":null}},"17":{"start":{"line":29,"column":17},"end":{"line":29,"column":60}},"18":{"start":{"line":30,"column":19},"end":{"line":30,"column":39}},"19":{"start":{"line":31,"column":21},"end":{"line":31,"column":43}},"20":{"start":{"line":34,"column":8},"end":{"line":37,"column":8}},"21":{"start":{"line":35,"column":4},"end":{"line":35,"column":null}},"22":{"start":{"line":36,"column":4},"end":{"line":36,"column":null}},"23":{"start":{"line":36,"column":29},"end":{"line":36,"column":81}},"24":{"start":{"line":36,"column":43},"end":{"line":36,"column":81}},"25":{"start":{"line":39,"column":22},"end":{"line":39,"column":null}},"26":{"start":{"line":39,"column":48},"end":{"line":39,"column":56}},"27":{"start":{"line":41,"column":2},"end":{"line":126,"column":null}},"28":{"start":{"line":59,"column":27},"end":{"line":59,"column":64}},"29":{"start":{"line":68,"column":34},"end":{"line":68,"column":null}},"30":{"start":{"line":97,"column":14},"end":{"line":121,"column":null}},"31":{"start":{"line":113,"column":41},"end":{"line":113,"column":61}}},"fnMap":{"0":{"name":"NotificationsView","decl":{"start":{"line":7,"column":24},"end":{"line":7,"column":44}},"loc":{"start":{"line":7,"column":44},"end":{"line":126,"column":null}},"line":7},"1":{"name":"(anonymous_1)","decl":{"start":{"line":14,"column":2},"end":{"line":14,"column":18}},"loc":{"start":{"line":14,"column":18},"end":{"line":23,"column":7}},"line":14},"2":{"name":"(anonymous_2)","decl":{"start":{"line":16,"column":7},"end":{"line":16,"column":12}},"loc":{"start":{"line":16,"column":20},"end":{"line":20,"column":null}},"line":16},"3":{"name":"(anonymous_3)","decl":{"start":{"line":21,"column":7},"end":{"line":21,"column":19}},"loc":{"start":{"line":21,"column":19},"end":{"line":21,"column":22}},"line":21},"4":{"name":"(anonymous_4)","decl":{"start":{"line":22,"column":7},"end":{"line":22,"column":21}},"loc":{"start":{"line":22,"column":21},"end":{"line":22,"column":42}},"line":22},"5":{"name":"(anonymous_5)","decl":{"start":{"line":25,"column":2},"end":{"line":25,"column":18}},"loc":{"start":{"line":25,"column":18},"end":{"line":32,"column":6}},"line":25},"6":{"name":"(anonymous_6)","decl":{"start":{"line":29,"column":7},"end":{"line":29,"column":12}},"loc":{"start":{"line":29,"column":17},"end":{"line":29,"column":60}},"line":29},"7":{"name":"(anonymous_7)","decl":{"start":{"line":30,"column":7},"end":{"line":30,"column":19}},"loc":{"start":{"line":30,"column":19},"end":{"line":30,"column":39}},"line":30},"8":{"name":"(anonymous_8)","decl":{"start":{"line":31,"column":7},"end":{"line":31,"column":21}},"loc":{"start":{"line":31,"column":21},"end":{"line":31,"column":43}},"line":31},"9":{"name":"(anonymous_9)","decl":{"start":{"line":34,"column":37},"end":{"line":34,"column":44}},"loc":{"start":{"line":34,"column":51},"end":{"line":37,"column":7}},"line":34},"10":{"name":"(anonymous_10)","decl":{"start":{"line":35,"column":25},"end":{"line":35,"column":37}},"loc":{"start":{"line":35,"column":37},"end":{"line":35,"column":40}},"line":35},"11":{"name":"(anonymous_11)","decl":{"start":{"line":36,"column":4},"end":{"line":36,"column":21}},"loc":{"start":{"line":36,"column":29},"end":{"line":36,"column":81}},"line":36},"12":{"name":"(anonymous_12)","decl":{"start":{"line":36,"column":34},"end":{"line":36,"column":38}},"loc":{"start":{"line":36,"column":43},"end":{"line":36,"column":81}},"line":36},"13":{"name":"(anonymous_13)","decl":{"start":{"line":39,"column":36},"end":{"line":39,"column":43}},"loc":{"start":{"line":39,"column":48},"end":{"line":39,"column":56}},"line":39},"14":{"name":"(anonymous_14)","decl":{"start":{"line":59,"column":12},"end":{"line":59,"column":22}},"loc":{"start":{"line":59,"column":27},"end":{"line":59,"column":64}},"line":59},"15":{"name":"(anonymous_15)","decl":{"start":{"line":68,"column":25},"end":{"line":68,"column":29}},"loc":{"start":{"line":68,"column":34},"end":{"line":68,"column":null}},"line":68},"16":{"name":"(anonymous_16)","decl":{"start":{"line":96,"column":27},"end":{"line":96,"column":32}},"loc":{"start":{"line":97,"column":14},"end":{"line":121,"column":null}},"line":97},"17":{"name":"(anonymous_17)","decl":{"start":{"line":113,"column":26},"end":{"line":113,"column":41}},"loc":{"start":{"line":113,"column":41},"end":{"line":113,"column":61}},"line":113}},"branchMap":{"0":{"loc":{"start":{"line":17,"column":21},"end":{"line":17,"column":52}},"type":"cond-expr","locations":[{"start":{"line":17,"column":43},"end":{"line":17,"column":50}},{"start":{"line":17,"column":50},"end":{"line":17,"column":52}}],"line":17},"1":{"loc":{"start":{"line":19,"column":8},"end":{"line":19,"column":null}},"type":"if","locations":[{"start":{"line":19,"column":8},"end":{"line":19,"column":null}},{"start":{},"end":{}}],"line":19},"2":{"loc":{"start":{"line":26,"column":4},"end":{"line":26,"column":null}},"type":"if","locations":[{"start":{"line":26,"column":4},"end":{"line":26,"column":null}},{"start":{},"end":{}}],"line":26},"3":{"loc":{"start":{"line":29,"column":34},"end":{"line":29,"column":59}},"type":"cond-expr","locations":[{"start":{"line":29,"column":53},"end":{"line":29,"column":57}},{"start":{"line":29,"column":57},"end":{"line":29,"column":59}}],"line":29},"4":{"loc":{"start":{"line":36,"column":43},"end":{"line":36,"column":81}},"type":"cond-expr","locations":[{"start":{"line":36,"column":57},"end":{"line":36,"column":79}},{"start":{"line":36,"column":79},"end":{"line":36,"column":81}}],"line":36},"5":{"loc":{"start":{"line":56,"column":9},"end":{"line":70,"column":null}},"type":"cond-expr","locations":[{"start":{"line":56,"column":23},"end":{"line":57,"column":11}},{"start":{"line":57,"column":10},"end":{"line":70,"column":null}}],"line":56},"6":{"loc":{"start":{"line":58,"column":19},"end":{"line":58,"column":null}},"type":"binary-expr","locations":[{"start":{"line":58,"column":19},"end":{"line":58,"column":33}},{"start":{"line":58,"column":33},"end":{"line":58,"column":null}}],"line":58},"7":{"loc":{"start":{"line":66,"column":13},"end":{"line":68,"column":null}},"type":"cond-expr","locations":[{"start":{"line":67,"column":16},"end":{"line":68,"column":25}},{"start":{"line":68,"column":16},"end":{"line":68,"column":null}}],"line":66},"8":{"loc":{"start":{"line":72,"column":9},"end":{"line":77,"column":null}},"type":"binary-expr","locations":[{"start":{"line":72,"column":9},"end":{"line":72,"column":null}},{"start":{"line":73,"column":10},"end":{"line":77,"column":null}}],"line":72},"9":{"loc":{"start":{"line":85,"column":9},"end":{"line":123,"column":null}},"type":"cond-expr","locations":[{"start":{"line":86,"column":10},"end":{"line":87,"column":26}},{"start":{"line":87,"column":12},"end":{"line":123,"column":null}}],"line":85},"10":{"loc":{"start":{"line":87,"column":12},"end":{"line":123,"column":null}},"type":"cond-expr","locations":[{"start":{"line":88,"column":10},"end":{"line":95,"column":11}},{"start":{"line":95,"column":10},"end":{"line":123,"column":null}}],"line":87},"11":{"loc":{"start":{"line":98,"column":48},"end":{"line":98,"column":null}},"type":"cond-expr","locations":[{"start":{"line":98,"column":54},"end":{"line":98,"column":86}},{"start":{"line":98,"column":86},"end":{"line":98,"column":null}}],"line":98},"12":{"loc":{"start":{"line":100,"column":28},"end":{"line":100,"column":null}},"type":"cond-expr","locations":[{"start":{"line":100,"column":37},"end":{"line":100,"column":55}},{"start":{"line":100,"column":55},"end":{"line":100,"column":null}}],"line":100},"13":{"loc":{"start":{"line":104,"column":30},"end":{"line":104,"column":null}},"type":"cond-expr","locations":[{"start":{"line":104,"column":39},"end":{"line":104,"column":56}},{"start":{"line":104,"column":56},"end":{"line":104,"column":null}}],"line":104},"14":{"loc":{"start":{"line":109,"column":21},"end":{"line":109,"column":null}},"type":"cond-expr","locations":[{"start":{"line":109,"column":35},"end":{"line":109,"column":80}},{"start":{"line":109,"column":83},"end":{"line":109,"column":null}}],"line":109},"15":{"loc":{"start":{"line":112,"column":17},"end":{"line":119,"column":null}},"type":"binary-expr","locations":[{"start":{"line":112,"column":17},"end":{"line":112,"column":null}},{"start":{"line":113,"column":18},"end":{"line":119,"column":null}}],"line":112}},"s":{"0":0,"1":0,"2":0,"3":0,"4":0,"5":0,"6":0,"7":0,"8":0,"9":0,"10":0,"11":0,"12":0,"13":0,"14":0,"15":0,"16":0,"17":0,"18":0,"19":0,"20":0,"21":0,"22":0,"23":0,"24":0,"25":0,"26":0,"27":0,"28":0,"29":0,"30":0,"31":0},"f":{"0":0,"1":0,"2":0,"3":0,"4":0,"5":0,"6":0,"7":0,"8":0,"9":0,"10":0,"11":0,"12":0,"13":0,"14":0,"15":0,"16":0,"17":0},"b":{"0":[0,0],"1":[0,0],"2":[0,0],"3":[0,0],"4":[0,0],"5":[0,0],"6":[0,0],"7":[0,0],"8":[0,0],"9":[0,0],"10":[0,0],"11":[0,0],"12":[0,0],"13":[0,0],"14":[0,0],"15":[0,0]},"meta":{"lastBranch":16,"lastFunction":18,"lastStatement":32,"seen":{"f:7:24:7:44":0,"s:8:25:8:58":0,"s:9:25:9:60":1,"s:10:25:10:58":2,"s:11:25:11:60":3,"s:12:25:12:61":4,"s:14:2:23:Infinity":5,"f:14:2:14:18":1,"s:15:4:22:Infinity":6,"f:16:7:16:12":2,"s:17:21:17:52":7,"b:17:43:17:50:17:50:17:52":0,"s:18:8:18:Infinity":8,"b:19:8:19:Infinity:undefined:undefined:undefined:undefined":1,"s:19:8:19:Infinity":9,"s:19:29:19:Infinity":10,"f:21:7:21:19":3,"f:22:7:22:21":4,"s:22:21:22:42":11,"s:25:2:32:Infinity":12,"f:25:2:25:18":5,"b:26:4:26:Infinity:undefined:undefined:undefined:undefined":2,"s:26:4:26:Infinity":13,"s:26:21:26:Infinity":14,"s:27:4:27:Infinity":15,"s:28:4:31:Infinity":16,"f:29:7:29:12":6,"s:29:17:29:60":17,"b:29:53:29:57:29:57:29:59":3,"f:30:7:30:19":7,"s:30:19:30:39":18,"f:31:7:31:21":8,"s:31:21:31:43":19,"s:34:8:37:8":20,"f:34:37:34:44":9,"s:35:4:35:Infinity":21,"f:35:25:35:37":10,"s:36:4:36:Infinity":22,"f:36:4:36:21":11,"s:36:29:36:81":23,"f:36:34:36:38":12,"s:36:43:36:81":24,"b:36:57:36:79:36:79:36:81":4,"s:39:22:39:Infinity":25,"f:39:36:39:43":13,"s:39:48:39:56":26,"s:41:2:126:Infinity":27,"b:56:23:57:11:57:10:70:Infinity":5,"b:58:19:58:33:58:33:58:Infinity":6,"f:59:12:59:22":14,"s:59:27:59:64":28,"b:67:16:68:25:68:16:68:Infinity":7,"f:68:25:68:29":15,"s:68:34:68:Infinity":29,"b:72:9:72:Infinity:73:10:77:Infinity":8,"b:86:10:87:26:87:12:123:Infinity":9,"b:88:10:95:11:95:10:123:Infinity":10,"f:96:27:96:32":16,"s:97:14:121:Infinity":30,"b:98:54:98:86:98:86:98:Infinity":11,"b:100:37:100:55:100:55:100:Infinity":12,"b:104:39:104:56:104:56:104:Infinity":13,"b:109:35:109:80:109:83:109:Infinity":14,"b:112:17:112:Infinity:113:18:119:Infinity":15,"f:113:26:113:41":17,"s:113:41:113:61":31},"fnNames":{}}}
,"C:\\Users\\Administrator\\Desktop\\Fullstack\\Repo-Frontend\\innovatech-frontend-valdes-munoz\\src\\pages\\dashboard\\ProjectsView.jsx": {"path":"C:\\Users\\Administrator\\Desktop\\Fullstack\\Repo-Frontend\\innovatech-frontend-valdes-munoz\\src\\pages\\dashboard\\ProjectsView.jsx","statementMap":{"0":{"start":{"line":12,"column":17},"end":{"line":12,"column":null}},"1":{"start":{"line":13,"column":17},"end":{"line":13,"column":null}},"2":{"start":{"line":14,"column":22},"end":{"line":17,"column":null}},"3":{"start":{"line":20,"column":20},"end":{"line":20,"column":null}},"4":{"start":{"line":21,"column":20},"end":{"line":21,"column":null}},"5":{"start":{"line":23,"column":23},"end":{"line":23,"column":54}},"6":{"start":{"line":24,"column":23},"end":{"line":24,"column":54}},"7":{"start":{"line":25,"column":23},"end":{"line":25,"column":56}},"8":{"start":{"line":26,"column":23},"end":{"line":26,"column":56}},"9":{"start":{"line":27,"column":23},"end":{"line":27,"column":54}},"10":{"start":{"line":30,"column":23},"end":{"line":30,"column":56}},"11":{"start":{"line":31,"column":23},"end":{"line":31,"column":56}},"12":{"start":{"line":32,"column":23},"end":{"line":32,"column":54}},"13":{"start":{"line":33,"column":23},"end":{"line":33,"column":56}},"14":{"start":{"line":34,"column":23},"end":{"line":34,"column":57}},"15":{"start":{"line":36,"column":23},"end":{"line":36,"column":54}},"16":{"start":{"line":37,"column":23},"end":{"line":37,"column":57}},"17":{"start":{"line":38,"column":23},"end":{"line":38,"column":54}},"18":{"start":{"line":41,"column":8},"end":{"line":51,"column":20}},"19":{"start":{"line":42,"column":4},"end":{"line":42,"column":22}},"20":{"start":{"line":42,"column":22},"end":{"line":42,"column":null}},"21":{"start":{"line":43,"column":4},"end":{"line":50,"column":null}},"22":{"start":{"line":44,"column":21},"end":{"line":44,"column":65}},"23":{"start":{"line":45,"column":19},"end":{"line":45,"column":44}},"24":{"start":{"line":46,"column":6},"end":{"line":46,"column":null}},"25":{"start":{"line":48,"column":6},"end":{"line":48,"column":null}},"26":{"start":{"line":49,"column":6},"end":{"line":49,"column":null}},"27":{"start":{"line":50,"column":16},"end":{"line":50,"column":null}},"28"
[...]
,"C:\\Users\\Administrator\\Desktop\\Fullstack\\Repo-Frontend\\innovatech-frontend-valdes-munoz\\src\\services\\projectService.js": {"path":"C:\\Users\\Administrator\\Desktop\\Fullstack\\Repo-Frontend\\innovatech-frontend-valdes-munoz\\src\\services\\projectService.js","statementMap":{"0":{"start":{"line":3,"column":13},"end":{"line":3,"column":null}},"1":{"start":{"line":5,"column":13},"end":{"line":5,"column":125}},"2":{"start":{"line":5,"column":47},"end":{"line":5,"column":125}},"3":{"start":{"line":5,"column":75},"end":{"line":5,"column":124}},"4":{"start":{"line":5,"column":117},"end":{"line":5,"column":124}},"5":{"start":{"line":6,"column":13},"end":{"line":6,"column":118}},"6":{"start":{"line":6,"column":36},"end":{"line":6,"column":118}},"7":{"start":{"line":6,"column":75},"end":{"line":6,"column":117}},"8":{"start":{"line":6,"column":110},"end":{"line":6,"column":117}},"9":{"start":{"line":7,"column":13},"end":{"line":7,"column":120}},"10":{"start":{"line":7,"column":36},"end":{"line":7,"column":120}},"11":{"start":{"line":7,"column":75},"end":{"line":7,"column":119}},"12":{"start":{"line":7,"column":112},"end":{"line":7,"column":119}},"13":{"start":{"line":8,"column":13},"end":{"line":8,"column":124}},"14":{"start":{"line":8,"column":40},"end":{"line":8,"column":124}},"15":{"start":{"line":8,"column":75},"end":{"line":8,"column":123}},"16":{"start":{"line":8,"column":116},"end":{"line":8,"column":123}},"17":{"start":{"line":9,"column":13},"end":{"line":9,"column":103}},"18":{"start":{"line":9,"column":36},"end":{"line":9,"column":103}},"19":{"start":{"line":9,"column":75},"end":{"line":9,"column":102}},"20":{"start":{"line":10,"column":13},"end":{"line":10,"column":139}},"21":{"start":{"line":10,"column":40},"end":{"line":10,"column":139}},"22":{"start":{"line":10,"column":75},"end":{"line":10,"column":138}},"23":{"start":{"line":10,"column":131},"end":{"line":10,"column":138}},"24":{"start":{"line":11,"column":13},"end":{"line":11,"column":163}},"25":{"start":{"line":11,"column":52},"end":{"line":11,"column":163}},"26":{"start":{"line":11,"column":75},"end":{"line":11,"column":162}},"27":{"start":{"line":11,"column":155},"end":{"line":11,"column":162}},"28":{"start":{"line":12,"column":13},"end":{"line":12,"column":128}},"29":{"start":{"line":12,"column":36},"end":{"line":12,"column":128}},"30":{"start":{"line":12,"column":75},"end":{"line":12,"column":127}},"31":{"start":{"line":12,"column":120},"end":{"line":12,"column":127}},"32":{"start":{"line":13,"column":13},"end":{"line":13,"column":124}},"33":{"start":{"line":13,"column":36},"end":{"line":13,"column":124}},"34":{"start":{"line":13,"column":75},"end":{"line":13,"column":123}},"35":{"start":{"line":13,"column":116},"end":{"line":13,"column":123}},"36":{"start":{"line":14,"column":13},"end":{"line":14,"column":138}},"37":{"start":{"line":14,"column":40},"end":{"line":14,"column":138}},"38":{"start":{"line":14,"column":75},"end":{"line":14,"column":137}},"39":{"start":{"line":14,"column":130},"end":{"line":14,"column":137}},"40":{"start":{"line":15,"column":13},"end":{"line":15,"column":null}},"41":{"start":{"line":15,"column":48},"end":{"line":15,"column":null}},"42":{"start":{"line":15,"column":75},"end":{"line":15,"column":148}},"43":{"start":{"line":15,"column":141},"end":{"line":15,"column":148}}},"fnMap":{"0":{"name":"(anonymous_0)","decl":{"start":{"line":5,"column":13},"end":{"line":5,"column":36}},"loc":{"start":{"line":5,"column":47},"end":{"line":5,"column":125}},"line":5},"1":{"name":"(anonymous_1)","decl":{"start":{"line":5,"column":64},"end":{"line":5,"column":75}},"loc":{"start":{"line":5,"column":75},"end":{"line":5,"column":124}},"line":5},"2":{"name":"(anonymous_2)","decl":{"start":{"line":5,"column":107},"end":{"line":5,"column":112}},"loc":{"start":{"line":5,"column":117},"end":{"line":5,"column":124}},"line":5},"3":{"name":"(anonymous_3)","decl":{"start":{"line":6,"column":13},"end":{"line":6,"column":36}},"loc":{"start":{"line":6,"column":36},"end":{"line":6,"column":118}},"line":6},"4":{"name":"(anonymous_4)","decl":{"start":{"line":6,"column":64},"end":{"line":6,"column":75}},"loc":{"start":{"line":6,"column":75},"end":{"line":6,"column":117}},"line":6},"5":{"name":"(anonymous_5)","decl":{"start":{"line":6,"column":100},"end":{"line":6,"column":105}},"loc":{"start":{"line":6,"column":110},"end":{"line":6,"column":117}},"line":6},"6":{"name":"(anonymous_6)","decl":{"start":{"line":7,"column":13},"end":{"line":7,"column":36}},"loc":{"start":{"line":7,"column":36},"end":{"line":7,"column":120}},"line":7},"7":{"name":"(anonymous_7)","decl":{"start":{"line":7,"column":64},"end":{"line":7,"column":75}},"loc":{"start":{"line":7,"column":75},"end":{"line":7,"column":119}},"line":7},"8":{"name":"(anonymous_8)","decl":{"start":{"line":7,"column":102},"end":{"line":7,"column":107}},"loc":{"start":{"line":7,"column":112},"end":{"line":7,"column":119}},"line":7},"9":{"name":"(anonymous_9)","decl":{"start":{"line":8,"column":13},"end":{"line":8,"column":36}},"loc":{"start":{"line":8,"column":40},"end":{"line":8,"column":124}},"line":8},"10":{"name":"(anonymous_10)","decl":{"start":{"line":8,"column":64},"end":{"line":8,"column":75}},"loc":{"start":{"line":8,"column":75},"end":{"line":8,"column":123}},"line":8},"11":{"name":"(anonymous_11)","decl":{"start":{"line":8,"column":106},"end":{"line":8,"column":111}},"loc":{"start":{"line":8,"column":116},"end":{"line":8,"column":123}},"line":8},"12":{"name":"(anonymous_12)","decl":{"start":{"line":9,"column":13},"end":{"line":9,"column":36}},"loc":{"start":{"line":9,"column":36},"end":{"line":9,"column":103}},"line":9},"13":{"name":"(anonymous_13)","decl":{"start":{"line":9,"column":64},"end":{"line":9,"column":75}},"loc":{"start":{"line":9,"column":75},"end":{"line":9,"column":102}},"line":9},"14":{"name":"(anonymous_14)","decl":{"start":{"line":10,"column":13},"end":{"line":10,"column":36}},"loc":{"start":{"line":10,"column":40},"end":{"line":10,"column":139}},"line":10},"15":{"name":"(anonymous_15)","decl":{"start":{"line":10,"column":64},"end":{"line":10,"column":75}},"loc":{"start":{"line":10,"column":75},"end":{"line":10,"column":138}},"line":10},"16":{"name":"(anonymous_16)","decl":{"start":{"line":10,"column":121},"end":{"line":10,"column":126}},"loc":{"start":{"line":10,"column":131},"end":{"line":10,"column":138}},"line":10},"17":{"name":"(anonymous_17)","decl":{"start":{"line":11,"column":13},"end":{"line":11,"column":36}},"loc":{"start":{"line":11,"column":52},"end":{"line":11,"column":163}},"line":11},"18":{"name":"(anonymous_18)","decl":{"start":{"line":11,"column":64},"end":{"line":11,"column":75}},"loc":{"start":{"line":11,"column":75},"end":{"line":11,"column":162}},"line":11},"19":{"name":"(anonymous_19)","decl":{"start":{"line":11,"column":145},"end":{"line":11,"column":150}},"loc":{"start":{"line":11,"column":155},"end":{"line":11,"column":162}},"line":11},"20":{"name":"(anonymous_20)","decl":{"start":{"line":12,"column":13},"end":{"line":12,"column":36}},"loc":{"start":{"line":12,"column":36},"end":{"line":12,"column":128}},"line":12},"21":{"name":"(anonymous_21)","decl":{"start":{"line":12,"column":64},"end":{"line":12,"column":75}},"loc":{"start":{"line":12,"column":75},"end":{"line":12,"column":127}},"line":12},"22":{"name":"(anonymous_22)","decl":{"start":{"line":12,"column":110},"end":{"line":12,"column":115}},"loc":{"start":{"line":12,"column":120},"end":{"line":12,"column":127}},"line":12},"23":{"name":"(anonymous_23)","decl":{"start":{"line":13,"column":13},"end":{"line":13,"column":36}},"loc":{"start":{"line":13,"column":36},"end":{"line":13,"column":124}},"line":13},"24":{"name":"(anonymous_24)","decl":{"start":{"line":13,"column":64},"end":{"line":13,"column":75}},"loc":{"start":{"line":13,"column":75},"end":{"line":13,"column":123}},"line":13},"25":{"name":"(anonymous_25)","decl":{"start":{"line":13,"column":106},"end":{"line":13,"column":111}},"loc":{"start":{"line":13,"column":116},"end":{"line":13,"column":123}},"line":13},"26":{"name":"(anonymous_26)","decl":{"start":{"line":14,"column":13},"end":{"line":14,"column":36}},"loc":{"start":{"line":14,"column":40},"end":{"line":14,"column":138}},"line":14},"27":{"name":"(anonymous_27)","decl":{"start":{"line":14,"column":64},"end":{"line":14,"column":75}},"loc":{"start":{"line":14,"column":75},"end":{"line":14,"column":137}},"line":14},"28":{"name":"(anonymous_28)","decl":{"start":{"line":14,"column":120},"end":{"line":14,"column":125}},"loc":{"start":{"line":14,"column":130},"end":{"line":14,"column":137}},"line":14},"29":{"name":"(anonymous_29)","decl":{"start":{"line":15,"column":13},"end":{"line":15,"column":36}},"loc":{"start":{"line":15,"column":48},"end":{"line":15,"column":null}},"line":15},"30":{"name":"(anonymous_30)","decl":{"start":{"line":15,"column":64},"end":{"line":15,"column":75}},"loc":{"start":{"line":15,"column":75},"end":{"line":15,"column":148}},"line":15},"31":{"name":"(anonymous_31)","decl":{"start":{"line":15,"column":131},"end":{"line":15,"column":136}},"loc":{"start":{"line":15,"column":141},"end":{"line":15,"column":148}},"line":15}},"branchMap":{"0":{"loc":{"start":{"line":5,"column":36},"end":{"line":5,"column":47}},"type":"default-arg","locations":[{"start":{"line":5,"column":45},"end":{"line":5,"column":47}}],"line":5}},"s":{"0":0,"1":0,"2":0,"3":0,"4":0,"5":0,"6":0,"7":0,"8":0,"9":0,"10":0,"11":0,"12":0,"13":0,"14":0,"15":0,"16":0,"17":0,"18":0,"19":0,"20":0,"21":0,"22":0,"23":0,"24":0,"25":0,"26":0,"27":0,"28":0,"29":0,"30":0,"31":0,"32":0,"33":0,"34":0,"35":0,"36":0,"37":0,"38":0,"39":0,"40":0,"41":0,"42":0,"43":0},"f":{"0":0,"1":0,"2":0,"3":0,"4":0,"5":0,"6":0,"7":0,"8":0,"9":0,"10":0,"11":0,"12":0,"13":0,"14":0,"15":0,"16":0,"17":0,"18":0,"19":0,"20":0,"21":0,"22":0,"23":0,"24":0,"25":0,"26":0,"27":0,"28":0,"29":0,"30":0,"31":0},"b":{"0":[0]},"meta":{"lastBranch":1,"lastFunction":32,"lastStatement":44,"seen":{"s:3:13:3:Infinity":0,"s:5:13:5:125":1,"f:5:13:5:36":0,"s:5:47:5:125":2,"b:5:45:5:47":0,"f:5:64:5:75":1,"s:5:75:5:124":3,"f:5:107:5:112":2,"s:5:117:5:124":4,"s:6:13:6:118":5,"f:6:13:6:36":3,"s:6:36:6:118":6,"f:6:64:6:75":4,"s:6:75:6:117":7,"f:6:100:6:105":5,"s:6:110:6:117":8,"s:7:13:7:120":9,"f:7:13:7:36":6,"s:7:36:7:120":10,"f:7:64:7:75":7,"s:7:75:7:119":11,"f:7:102:7:107":8,"s:7:112:7:119":12,"s:8:13:8:124":13,"f:8:13:8:36":9,"s:8:40:8:124":14,"f:8:64:8:75":10,"s:8:75:8:123":15,"f:8:106:8:111":11,"s:8:116:8:123":16,"s:9:13:9:103":17,"f:9:13:9:36":12,"s:9:36:9:103":18,"f:9:64:9:75":13,"s:9:75:9:102":19,"s:10:13:10:139":20,"f:10:13:10:36":14,"s:10:40:10:139":21,"f:10:64:10:75":15,"s:10:75:10:138":22,"f:10:121:10:126":16,"s:10:131:10:138":23,"s:11:13:11:163":24,"f:11:13:11:36":17,"s:11:52:11:163":25,"f:11:64:11:75":18,"s:11:75:11:162":26,"f:11:145:11:150":19,"s:11:155:11:162":27,"s:12:13:12:128":28,"f:12:13:12:36":20,"s:12:36:12:128":29,"f:12:64:12:75":21,"s:12:75:12:127":30,"f:12:110:12:115":22,"s:12:120:12:127":31,"s:13:13:13:124":32,"f:13:13:13:36":23,"s:13:36:13:124":33,"f:13:64:13:75":24,"s:13:75:13:123":34,"f:13:106:13:111":25,"s:13:116:13:123":35,"s:14:13:14:138":36,"f:14:13:14:36":26,"s:14:40:14:138":37,"f:14:64:14:75":27,"s:14:75:14:137":38,"f:14:120:14:125":28,"s:14:130:14:137":39,"s:15:13:15:Infinity":40,"f:15:13:15:36":29,"s:15:48:15:Infinity":41,"f:15:64:15:75":30,"s:15:75:15:148":42,"f:15:131:15:136":31,"s:15:141:15:148":43},"fnNames":{}}}
,"C:\\Users\\Administrator\\Desktop\\Fullstack\\Repo-Frontend\\innovatech-frontend-valdes-munoz\\src\\services\\resourceService.js": {"path":"C:\\Users\\Administrator\\Desktop\\Fullstack\\Repo-Frontend\\innovatech-frontend-valdes-munoz\\src\\services\\resourceService.js","statementMap":{"0":{"start":{"line":3,"column":13},"end":{"line":3,"column":null}},"1":{"start":{"line":5,"column":13},"end":{"line":5,"column":118}},"2":{"start":{"line":5,"column":80},"end":{"line":5,"column":117}},"3":{"start":{"line":5,"column":110},"end":{"line":5,"column":117}},"4":{"start":{"line":6,"column":13},"end":{"line":6,"column":127}},"5":{"start":{"line":6,"column":80},"end":{"line":6,"column":126}},"6":{"start":{"line":6,"column":119},"end":{"line":6,"column":126}},"7":{"start":{"line":7,"column":13},"end":{"line":7,"column":156}},"8":{"start":{"line":7,"column":39},"end":{"line":7,"column":156}},"9":{"start":{"line":7,"column":80},"end":{"line":7,"column":155}},"10":{"start":{"line":7,"column":148},"end":{"line":7,"column":155}},"11":{"start":{"line":8,"column":13},"end":{"line":8,"column":123}},"12":{"start":{"line":8,"column":39},"end":{"line":8,"column":123}},"13":{"start":{"line":8,"column":80},"end":{"line":8,"column":122}},"14":{"start":{"line":8,"column":115},"end":{"line":8,"column":122}},"15":{"start":{"line":9,"column":13},"end":{"line":9,"column":125}},"16":{"start":{"line":9,"column":39},"end":{"line":9,"column":125}},"17":{"start":{"line":9,"column":80},"end":{"line":9,"column":124}},"18":{"start":{"line":9,"column":117},"end":{"line":9,"column":124}},"19":{"start":{"line":10,"column":13},"end":{"line":10,"column":153}},"20":{"start":{"line":10,"column":43},"end":{"line":10,"column":153}},"21":{"start":{"line":10,"column":80},"end":{"line":10,"column":152}},"22":{"start":{"line":10,"column":145},"end":{"line":10,"column":152}},"23":{"start":{"line":11,"column":13},"end":{"line":11,"column":160}},"24":{"start":{"line":11,"column":54},"end":{"line":11,"column":160}},"25":{"start":{"line":11,"column":80},"end":{"line":11,"column":159}},"26":{"start":{"line":11,"column":152},"end":{"line":11,"column":159}},"27":{"start":{"line":12,"column":13},"end":{"line":12,"column":null}},"28":{"start":{"line":12,"column":39},"end":{"line":12,"column":null}},"29":{"start":{"line":12,"column":80},"end":{"line":12,"column":107}}},"fnMap":{"0":{"name":"(anonymous_0)","decl":{"start":{"line":5,"column":13},"end":{"line":5,"column":69}},"loc":{"start":{"line":5,"column":13},"end":{"line":5,"column":118}},"line":5},"1":{"name":"(anonymous_1)","decl":{"start":{"line":5,"column":69},"end":{"line":5,"column":80}},"loc":{"start":{"line":5,"column":80},"end":{"line":5,"column":117}},"line":5},"2":{"name":"(anonymous_2)","decl":{"start":{"line":5,"column":100},"end":{"line":5,"column":105}},"loc":{"start":{"line":5,"column":110},"end":{"line":5,"column":117}},"line":5},"3":{"name":"(anonymous_3)","decl":{"start":{"line":6,"column":13},"end":{"line":6,"column":69}},"loc":{"start":{"line":6,"column":13},"end":{"line":6,"column":127}},"line":6},"4":{"name":"(anonymous_4)","decl":{"start":{"line":6,"column":69},"end":{"line":6,"column":80}},"loc":{"start":{"line":6,"column":80},"end":{"line":6,"column":126}},"line":6},"5":{"name":"(anonymous_5)","decl":{"start":{"line":6,"column":109},"end":{"line":6,"column":114}},"loc":{"start":{"line":6,"column":119},"end":{"line":6,"column":126}},"line":6},"6":{"name":"(anonymous_6)","decl":{"start":{"line":7,"column":13},"end":{"line":7,"column":39}},"loc":{"start":{"line":7,"column":39},"end":{"line":7,"column":156}},"line":7},"7":{"name":"(anonymous_7)","decl":{"start":{"line":7,"column":69},"end":{"line":7,"column":80}},"loc":{"start":{"line":7,"column":80},"end":{"line":7,"column":155}},"line":7},"8":{"name":"(anonymous_8)","decl":{"start":{"line":7,"column":138},"end":{"line":7,"column":143}},"loc":{"start":{"line":7,"column":148},"end":{"line":7,"column":155}},"line":7},"9":{"name":"(anonymous_9)","decl":{"start":{"line":8,"column":13},"end":{"line":8,"column":39}},"loc":{"start":{"line":8,"column":39},"end":{"line":8,"column":123}},"line":8},"10":{"name":"(anonymous_10)","decl":{"start":{"line":8,"column":69},"end":{"line":8,"column":80}},"loc":{"start":{"line":8,"column":80},"end":{"line":8,"column":122}},"line":8},"11":{"name":"(anonymous_11)","decl":{"start":{"line":8,"column":105},"end":{"line":8,"column":110}},"loc":{"start":{"line":8,"column":115},"end":{"line":8,"column":122}},"line":8},"12":{"name":"(anonymous_12)","decl":{"start":{"line":9,"column":13},"end":{"line":9,"column":39}},"loc":{"start":{"line":9,"column":39},"end":{"line":9,"column":125}},"line":9},"13":{"name":"(anonymous_13)","decl":{"start":{"line":9,"column":69},"end":{"line":9,"column":80}},"loc":{"start":{"line":9,"column":80},"end":{"line":9,"column":124}},"line":9},"14":{"name":"(anonymous_14)","decl":{"start":{"line":9,"column":107},"end":{"line":9,"column":112}},"loc":{"start":{"line":9,"column":117},"end":{"line":9,"column":124}},"line":9},"15":{"name":"(anonymous_15)","decl":{"start":{"line":10,"column":13},"end":{"line":10,"column":39}},"loc":{"start":{"line":10,"column":43},"end":{"line":10,"column":153}},"line":10},"16":{"name":"(anonymous_16)","decl":{"start":{"line":10,"column":69},"end":{"line":10,"column":80}},"loc":{"start":{"line":10,"column":80},"end":{"line":10,"column":152}},"line":10},"17":{"name":"(anonymous_17)","decl":{"start":{"line":10,"column":135},"end":{"line":10,"column":140}},"loc":{"start":{"line":10,"column":145},"end":{"line":10,"column":152}},"line":10},"18":{"name":"(anonymous_18)","decl":{"start":{"line":11,"column":13},"end":{"line":11,"column":39}},"loc":{"start":{"line":11,"column":54},"end":{"line":11,"column":160}},"line":11},"19":{"name":"(anonymous_19)","decl":{"start":{"line":11,"column":69},"end":{"line":11,"column":80}},"loc":{"start":{"line":11,"column":80},"end":{"line":11,"column":159}},"line":11},"20":{"name":"(anonymous_20)","decl":{"start":{"line":11,"column":142},"end":{"line":11,"column":147}},"loc":{"start":{"line":11,"column":152},"end":{"line":11,"column":159}},"line":11},"21":{"name":"(anonymous_21)","decl":{"start":{"line":12,"column":13},"end":{"line":12,"column":39}},"loc":{"start":{"line":12,"column":39},"end":{"line":12,"column":null}},"line":12},"22":{"name":"(anonymous_22)","decl":{"start":{"line":12,"column":69},"end":{"line":12,"column":80}},"loc":{"start":{"line":12,"column":80},"end":{"line":12,"column":107}},"line":12}},"branchMap":{},"s":{"0":0,"1":0,"2":0,"3":0,"4":0,"5":0,"6":0,"7":0,"8":0,"9":0,"10":0,"11":0,"12":0,"13":0,"14":0,"15":0,"16":0,"17":0,"18":0,"19":0,"20":0,"21":0,"22":0,"23":0,"24":0,"25":0,"26":0,"27":0,"28":0,"29":0},"f":{"0":0,"1":0,"2":0,"3":0,"4":0,"5":0,"6":0,"7":0,"8":0,"9":0,"10":0,"11":0,"12":0,"13":0,"14":0,"15":0,"16":0,"17":0,"18":0,"19":0,"20":0,"21":0,"22":0},"b":{},"meta":{"lastBranch":0,"lastFunction":23,"lastStatement":30,"seen":{"s:3:13:3:Infinity":0,"s:5:13:5:118":1,"f:5:13:5:69":0,"f:5:69:5:80":1,"s:5:80:5:117":2,"f:5:100:5:105":2,"s:5:110:5:117":3,"s:6:13:6:127":4,"f:6:13:6:69":3,"f:6:69:6:80":4,"s:6:80:6:126":5,"f:6:109:6:114":5,"s:6:119:6:126":6,"s:7:13:7:156":7,"f:7:13:7:39":6,"s:7:39:7:156":8,"f:7:69:7:80":7,"s:7:80:7:155":9,"f:7:138:7:143":8,"s:7:148:7:155":10,"s:8:13:8:123":11,"f:8:13:8:39":9,"s:8:39:8:123":12,"f:8:69:8:80":10,"s:8:80:8:122":13,"f:8:105:8:110":11,"s:8:115:8:122":14,"s:9:13:9:125":15,"f:9:13:9:39":12,"s:9:39:9:125":16,"f:9:69:9:80":13,"s:9:80:9:124":17,"f:9:107:9:112":14,"s:9:117:9:124":18,"s:10:13:10:153":19,"f:10:13:10:39":15,"s:10:43:10:153":20,"f:10:69:10:80":16,"s:10:80:10:152":21,"f:10:135:10:140":17,"s:10:145:10:152":22,"s:11:13:11:160":23,"f:11:13:11:39":18,"s:11:54:11:160":24,"f:11:69:11:80":19,"s:11:80:11:159":25,"f:11:142:11:147":20,"s:11:152:11:159":26,"s:12:13:12:Infinity":27,"f:12:13:12:39":21,"s:12:39:12:Infinity":28,"f:12:69:12:80":22,"s:12:80:12:107":29},"fnNames":{}}}
}
